\BOOKMARK [1][-]{section.1}{Introduction}{}% 1
\BOOKMARK [2][-]{subsection.1.1}{Background}{section.1}% 2
\BOOKMARK [2][-]{subsection.1.2}{Our\040Works}{section.1}% 3
\BOOKMARK [1][-]{section.2}{Assumptions}{}% 4
\BOOKMARK [2][-]{subsection.2.1}{About\040the\040Given\040Data}{section.2}% 5
\BOOKMARK [2][-]{subsection.2.2}{About\040Our\040Model}{section.2}% 6
\BOOKMARK [1][-]{section.3}{Analysis\040of\040the\040Problem}{}% 7
\BOOKMARK [2][-]{subsection.3.1}{Basic\040data\040preprocessing}{section.3}% 8
\BOOKMARK [2][-]{subsection.3.2}{Solution\040Steps}{section.3}% 9
\BOOKMARK [1][-]{section.4}{Symbol\040Description}{}% 10
\BOOKMARK [1][-]{section.5}{Establishment\040of\040the\040Model}{}% 11
\BOOKMARK [2][-]{subsection.5.1}{Define\040ROI\040indicator}{section.5}% 12
\BOOKMARK [3][-]{subsubsection.5.1.1}{School\040performance\040index}{subsection.5.1}% 13
\BOOKMARK [3][-]{subsubsection.5.1.2}{Pearson\040correlation\040coefficient}{subsection.5.1}% 14
\BOOKMARK [3][-]{subsubsection.5.1.3}{Select\040indicators}{subsection.5.1}% 15
\BOOKMARK [3][-]{subsubsection.5.1.4}{Entropy\040Method\040to\040Determine\040Performance}{subsection.5.1}% 16
\BOOKMARK [3][-]{subsubsection.5.1.5}{School\040income\040index}{subsection.5.1}% 17
\BOOKMARK [3][-]{subsubsection.5.1.6}{ROI\040formula}{subsection.5.1}% 18
\BOOKMARK [2][-]{subsection.5.2}{ROI\040forecast\040for\040the\040next\040five\040years}{section.5}% 19
\BOOKMARK [3][-]{subsubsection.5.2.1}{GM\(1,1\)}{subsection.5.2}% 20
\BOOKMARK [2][-]{subsection.5.3}{Definition\040of\040Risk}{section.5}% 21
\BOOKMARK [2][-]{subsection.5.4}{Establish\040a\040single\040objective\040optimization\040equationsingle}{section.5}% 22
\BOOKMARK [1][-]{section.6}{Calculation\040and\040Analysis\040of\040the\040Model}{}% 23
\BOOKMARK [2][-]{subsection.6.1}{Data\040preprocessingdata1,data2}{section.6}% 24
\BOOKMARK [2][-]{subsection.6.2}{Basic\040ROI\040Calculation}{section.6}% 25
\BOOKMARK [2][-]{subsection.6.3}{Solve\040Single-target\040Mixed\040Integer\040Linear\040Programming}{section.6}% 26
\BOOKMARK [3][-]{subsubsection.6.3.1}{Solve\040Best\040Investment\040Strategy\040for\040First\040Year}{subsection.6.3}% 27
\BOOKMARK [3][-]{subsubsection.6.3.2}{The\040Optimal\040Investment\040Strategy\040for\040the\040Next\040Four\040Years}{subsection.6.3}% 28
\BOOKMARK [1][-]{section.7}{Strengths\040and\040Weaknesses}{}% 29
\BOOKMARK [2][-]{subsection.7.1}{Strengths}{section.7}% 30
\BOOKMARK [2][-]{subsection.7.2}{Weaknesses}{section.7}% 31
\BOOKMARK [1][-]{section.8}{A\040letter\040to\040the\040Goodgrant\040Foundation}{}% 32
\BOOKMARK [1][-]{section*.15}{Appendices}{}% 33
