\BOOKMARK [1][-]{section.1}{Introduction}{}% 1
\BOOKMARK [2][-]{subsection.1.1}{Background}{section.1}% 2
\BOOKMARK [2][-]{subsection.1.2}{Our Works}{section.1}% 3
\BOOKMARK [1][-]{section.2}{Assumptions}{}% 4
\BOOKMARK [2][-]{subsection.2.1}{About the Given Data}{section.2}% 5
\BOOKMARK [2][-]{subsection.2.2}{About Our Model}{section.2}% 6
\BOOKMARK [1][-]{section.3}{Analysis of the Problem}{}% 7
\BOOKMARK [2][-]{subsection.3.1}{Simplification of the Problem}{section.3}% 8
\BOOKMARK [2][-]{subsection.3.2}{Analysis of the Process}{section.3}% 9
\BOOKMARK [2][-]{subsection.3.3}{Solution Steps}{section.3}% 10
\BOOKMARK [1][-]{section.4}{Establishment of the Model}{}% 11
\BOOKMARK [2][-]{subsection.4.1}{xxxx Model}{section.4}% 12
\BOOKMARK [1][-]{section.5}{Calculation and Analysis of the Model}{}% 13
\BOOKMARK [2][-]{subsection.5.1}{Task name}{section.5}% 14
\BOOKMARK [1][-]{section.6}{Strengths and Weaknesses}{}% 15
\BOOKMARK [2][-]{subsection.6.1}{Strengths}{section.6}% 16
\BOOKMARK [2][-]{subsection.6.2}{Weaknesses}{section.6}% 17
\BOOKMARK [1][-]{section.7}{Future Work}{}% 18
\BOOKMARK [1][-]{section.8}{additional works}{}% 19
\BOOKMARK [1][-]{section*.2}{Appendices}{}% 20
