\BOOKMARK [1][-]{section.1}{\376\377\116\000\000\040\000\040\225\356\230\230\221\315\217\360}{}% 1
\BOOKMARK [1][-]{section.2}{\376\377\116\214\000\040\000\040\225\356\230\230\122\006\147\220}{}% 2
\BOOKMARK [1][-]{section.3}{\376\377\116\011\000\040\000\040\152\041\127\213\136\372\172\313}{}% 3
\BOOKMARK [2][-]{subsection.3.1}{\376\377\0003\000.\0001\000\040\164\006\140\363\152\041\127\213}{section.3}% 4
\BOOKMARK [2][-]{subsection.3.2}{\376\377\0003\000.\0002\000\040\154\102\211\343\145\271\150\110}{section.3}% 5
\BOOKMARK [2][-]{subsection.3.3}{\376\377\0003\000.\0003\000\040\173\046\123\367\130\360\146\016}{section.3}% 6
\BOOKMARK [2][-]{subsection.3.4}{\376\377\0003\000.\0004\000\040\127\372\147\054\120\107\213\276}{section.3}% 7
\BOOKMARK [1][-]{section.4}{\376\377\126\333\000\040\000\040\152\041\127\213\154\102\211\343\122\115\121\306\131\007}{}% 8
\BOOKMARK [2][-]{subsection.4.1}{\376\377\0004\000.\0001\000\040\127\060\137\142\145\160\143\156\143\322\120\074\117\030\123\026}{section.4}% 9
\BOOKMARK [2][-]{subsection.4.2}{\376\377\0004\000.\0002\000\040\133\371\154\263\155\101\133\275\136\246\166\204\213\241\173\227}{section.4}% 10
\BOOKMARK [1][-]{section.5}{\376\377\116\224\000\040\000\040\225\356\230\230\116\000\122\006\147\220\116\016\154\102\211\343}{}% 11
\BOOKMARK [2][-]{subsection.5.1}{\376\377\0005\000.\0001\000\040\145\271\150\110\116\000}{section.5}% 12
\BOOKMARK [2][-]{subsection.5.2}{\376\377\0005\000.\0002\000\040\145\271\150\110\116\214}{section.5}% 13
\BOOKMARK [3][-]{subsubsection.5.2.1}{\376\377\0005\000.\0002\000.\0001\000\040\150\145\150\201\117\115\177\156\220\011\142\351}{subsection.5.2}% 14
\BOOKMARK [3][-]{subsubsection.5.2.2}{\376\377\0005\000.\0002\000.\0002\000\040\226\247\220\123\117\115\177\156\220\011\142\351}{subsection.5.2}% 15
\BOOKMARK [3][-]{subsubsection.5.2.3}{\376\377\0005\000.\0002\000.\0003\000\040\146\156\220\032\121\154\215\357\117\356\136\372\117\115\177\156\220\011\142\351\000-\000D\000i\000j\000k\000s\000t\000r\000a\173\227\154\325}{subsection.5.2}% 16
\BOOKMARK [3][-]{subsubsection.5.2.4}{\376\377\0005\000.\0002\000.\0004\000\040\176\323\147\234\116\016\122\006\147\220}{subsection.5.2}% 17
\BOOKMARK [1][-]{section.6}{\376\377\121\155\000\040\000\040\225\356\230\230\116\214\152\041\127\213\116\016\154\102\211\343}{}% 18
\BOOKMARK [2][-]{subsection.6.1}{\376\377\0006\000.\0001\000\040\145\271\150\110\116\000}{section.6}% 19
\BOOKMARK [2][-]{subsection.6.2}{\376\377\0006\000.\0002\000\040\145\271\150\110\116\214}{section.6}% 20
\BOOKMARK [3][-]{subsubsection.6.2.1}{\376\377\0006\000.\0002\000.\0001\000\040\122\250\140\001\211\304\122\022\000S\000P\000F\000A\173\227\154\325}{subsection.6.2}% 21
\BOOKMARK [3][-]{subsubsection.6.2.2}{\376\377\0006\000.\0002\000.\0002\000\040\122\006\153\265\160\271\166\204\170\156\133\232}{subsection.6.2}% 22
\BOOKMARK [3][-]{subsubsection.6.2.3}{\376\377\0006\000.\0002\000.\0003\000\040\176\323\147\234\116\016\122\006\147\220}{subsection.6.2}% 23
\BOOKMARK [1][-]{section.7}{\376\377\116\003\000\040\000\040\145\271\150\110\124\010\164\006\140\047\122\006\147\220}{}% 24
\BOOKMARK [2][-]{subsection.7.1}{\376\377\0007\000.\0001\000\040\116\015\117\356\136\372\226\247\220\123}{section.7}% 25
\BOOKMARK [2][-]{subsection.7.2}{\376\377\0007\000.\0002\000\040\145\071\123\330\150\145\150\201\117\115\177\156}{section.7}% 26
\BOOKMARK [1][-]{section.8}{\376\377\121\153\000\040\000\040\152\041\127\213\213\304\116\367\116\016\145\071\217\333\145\271\124\021}{}% 27
\BOOKMARK [2][-]{subsection.8.1}{\376\377\0008\000.\0001\000\040\152\041\127\213\166\204\213\304\116\367}{section.8}% 28
\BOOKMARK [3][-]{subsubsection.8.1.1}{\376\377\0008\000.\0001\000.\0001\000\040\117\030\160\271}{subsection.8.1}% 29
\BOOKMARK [3][-]{subsubsection.8.1.2}{\376\377\0008\000.\0001\000.\0002\000\040\116\015\215\263}{subsection.8.1}% 30
\BOOKMARK [2][-]{subsection.8.2}{\376\377\0008\000.\0002\000\040\152\041\127\213\166\204\145\071\217\333\145\271\124\021}{section.8}% 31
\BOOKMARK [1][-]{section.9}{\376\377\116\135\000\040\000\040\123\302\200\003\145\207\163\056}{}% 32
\BOOKMARK [1][-]{section.10}{\376\377\123\101\000\040\000\040\226\104\137\125\377\032\166\370\121\163\172\013\136\217}{}% 33
\BOOKMARK [2][-]{subsection.10.1}{\376\377\0001\0000\000.\0001\000\040\127\060\127\213\166\370\121\163\126\376\137\142\176\330\122\066}{section.10}% 34
\BOOKMARK [2][-]{subsection.10.2}{\376\377\0001\0000\000.\0002\000\040\127\060\137\142\126\376\142\275\214\141\123\026\116\072\220\273\143\245\167\351\226\065}{section.10}% 35
\BOOKMARK [2][-]{subsection.10.3}{\376\377\0001\0000\000.\0003\000\040\000D\000i\000j\000k\000s\000t\000r\000a\173\227\154\325\133\236\163\260}{section.10}% 36
\BOOKMARK [2][-]{subsection.10.4}{\376\377\0001\0000\000.\0004\000\040\000S\000P\000F\000A\173\227\154\325\133\236\163\260}{section.10}% 37
