\BOOKMARK [1][-]{section.1}{\376\377\116\000\060\001\225\356\230\230\221\315\217\360}{}% 1
\BOOKMARK [1][-]{section.2}{\376\377\116\214\060\001\225\356\230\230\122\006\147\220}{}% 2
\BOOKMARK [1][-]{section.3}{\376\377\116\011\060\001\152\041\127\213\120\107\213\276}{}% 3
\BOOKMARK [1][-]{section.4}{\376\377\126\333\060\001\173\046\123\367\213\364\146\016}{}% 4
\BOOKMARK [2][-]{subsection.4.1}{\376\377\0004\000.\0001\000\040\124\015\213\315\211\343\221\312}{section.4}% 5
\BOOKMARK [2][-]{subsection.4.2}{\376\377\0004\000.\0002\000\040\123\330\221\317\213\364\146\016}{section.4}% 6
\BOOKMARK [1][-]{section.5}{\376\377\116\224\060\001\152\041\127\213\136\372\172\313\116\016\154\102\211\343}{}% 7
\BOOKMARK [2][-]{subsection.5.1}{\376\377\0005\000.\0001\000\040\000C\000T\174\373\176\337\166\204\123\302\145\160\150\007\133\232}{section.5}% 8
\BOOKMARK [3][-]{subsubsection.5.1.1}{\376\377\0005\000.\0001\000.\0001\000\040\152\041\127\213\136\372\172\313}{subsection.5.1}% 9
\BOOKMARK [3][-]{subsubsection.5.1.2}{\376\377\0005\000.\0001\000.\0002\000\040\152\041\127\213\154\102\211\343}{subsection.5.1}% 10
\BOOKMARK [2][-]{subsection.5.2}{\376\377\0005\000.\0002\000\040\127\372\116\216\123\167\171\357\123\315\142\225\137\161\166\204\000C\000T\126\376\120\317\221\315\136\372}{section.5}% 11
\BOOKMARK [3][-]{subsubsection.5.2.1}{\376\377\0005\000.\0002\000.\0001\000\040\152\041\127\213\136\372\172\313}{subsection.5.2}% 12
\BOOKMARK [3][-]{subsubsection.5.2.2}{\376\377\0005\000.\0002\000.\0002\000\040\152\041\127\213\154\102\211\343}{subsection.5.2}% 13
\BOOKMARK [2][-]{subsection.5.3}{\376\377\0005\000.\0003\000\040\127\372\116\216\134\017\154\342\123\330\143\142\116\016\123\167\171\357\123\315\142\225\137\161\126\376\120\317\221\315\136\372\152\041\127\213}{section.5}% 14
\BOOKMARK [3][-]{subsubsection.5.3.1}{\376\377\0005\000.\0003\000.\0001\000\040\134\017\154\342\123\330\143\142\152\041\127\213\136\372\172\313}{subsection.5.3}% 15
\BOOKMARK [3][-]{subsubsection.5.3.2}{\376\377\0005\000.\0003\000.\0002\000\040\152\041\127\213\154\102\211\343}{subsection.5.3}% 16
\BOOKMARK [2][-]{subsection.5.4}{\376\377\0005\000.\0004\000\040\145\260\150\007\133\232\152\041\127\213\166\204\213\276\213\241\116\016\213\304\116\367}{section.5}% 17
\BOOKMARK [3][-]{subsubsection.5.4.1}{\376\377\0005\000.\0004\000.\0001\000\040\150\007\133\232\152\041\127\213\166\204\213\276\213\241}{subsection.5.4}% 18
\BOOKMARK [3][-]{subsubsection.5.4.2}{\376\377\0005\000.\0004\000.\0002\000\040\150\007\133\232\152\041\127\213\166\204\213\304\116\367}{subsection.5.4}% 19
\BOOKMARK [1][-]{section.6}{\376\377\121\155\060\001\152\041\127\213\213\304\116\367\116\016\145\071\217\333}{}% 20
\BOOKMARK [2][-]{subsection.6.1}{\376\377\0006\000.\0001\000\040\152\041\127\213\117\030\160\271}{section.6}% 21
\BOOKMARK [2][-]{subsection.6.2}{\376\377\0006\000.\0002\000\040\152\041\127\213\177\072\160\271}{section.6}% 22
\BOOKMARK [2][-]{subsection.6.3}{\376\377\0006\000.\0003\000\040\152\041\127\213\145\071\217\333}{section.6}% 23
\BOOKMARK [1][-]{section.7}{\376\377\116\003\060\001\123\302\200\003\145\207\163\056}{}% 24
\BOOKMARK [1][-]{section.8}{\376\377\121\153\060\001\226\104\116\366\156\005\123\125}{}% 25
\BOOKMARK [1][-]{section.9}{\376\377\116\135\060\001\226\104\116\366}{}% 26
\BOOKMARK [2][-]{subsection.9.1}{\376\377\0009\000.\0001\000\040\121\163\225\056\145\160\143\156}{section.9}% 27
\BOOKMARK [2][-]{subsection.9.2}{\376\377\0009\000.\0002\000\040\172\013\136\217\156\220\116\343\170\001}{section.9}% 28
