\BOOKMARK [1][-]{section.1}{Introduction}{}% 1
\BOOKMARK [2][-]{subsection.1.1}{Background}{section.1}% 2
\BOOKMARK [2][-]{subsection.1.2}{Our\040Works}{section.1}% 3
\BOOKMARK [1][-]{section.2}{Task\0401:\040Charging\040Stations\040In\040The\040United\040States}{}% 4
\BOOKMARK [2][-]{subsection.2.1}{The\040Key\040Factor\040in\040This\040Section}{section.2}% 5
\BOOKMARK [2][-]{subsection.2.2}{Assumptions}{section.2}% 6
\BOOKMARK [2][-]{subsection.2.3}{Establishment\040of\040the\040Model}{section.2}% 7
\BOOKMARK [2][-]{subsection.2.4}{Calculation\040and\040Analysis}{section.2}% 8
\BOOKMARK [1][-]{section.3}{Task\0402:\040Ireland\040's\040Charging\040Network\040and\040Electric\040Vehicles}{}% 9
\BOOKMARK [2][-]{subsection.3.1}{A:\040Hierarchical\040Charging\040Station\040Layout\040Model\040Based\040on\040Web\040Search\040&\040Voronoi\040Diagram}{section.3}% 10
\BOOKMARK [2][-]{subsection.3.2}{B:\040Charging\040Network\040Development\040Proposals.}{section.3}% 11
\BOOKMARK [2][-]{subsection.3.3}{C:\040Price\040Distribution\040Movement\040Model\040Based\040on\040Gray\040Prediction}{section.3}% 12
\BOOKMARK [1][-]{section.4}{Task\0403:\040Charging\040Network\040Growing\040&\040Evolving\040Plan\040Classification\040System}{}% 13
\BOOKMARK [2][-]{subsection.4.1}{Establishment\040of\040the\040Model}{section.4}% 14
\BOOKMARK [2][-]{subsection.4.2}{Calculation\040and\040Analysis}{section.4}% 15
\BOOKMARK [2][-]{subsection.4.3}{Conclusion}{section.4}% 16
\BOOKMARK [1][-]{section.5}{Task\0404:\040Technology\040Impact\040Increasing\040of\040Electric\040Vehicles}{}% 17
\BOOKMARK [1][-]{section.6}{Strengths\040and\040Weaknesses}{}% 18
\BOOKMARK [2][-]{subsection.6.1}{Strengths}{section.6}% 19
\BOOKMARK [2][-]{subsection.6.2}{Weaknesses}{section.6}% 20
\BOOKMARK [1][-]{section.7}{Future\040Work}{}% 21
\BOOKMARK [1][-]{section.8}{Handout\040Written\040For\040The\040Leaders}{}% 22
\BOOKMARK [1][-]{section*.38}{Appendices}{}% 23
