\BOOKMARK [1][-]{section.1}{Introduction}{}% 1
\BOOKMARK [2][-]{subsection.1.1}{Background}{section.1}% 2
\BOOKMARK [2][-]{subsection.1.2}{Our Works}{section.1}% 3
\BOOKMARK [1][-]{section.2}{Assumptions}{}% 4
\BOOKMARK [2][-]{subsection.2.1}{About the Given Data}{section.2}% 5
\BOOKMARK [2][-]{subsection.2.2}{About Our Model}{section.2}% 6
\BOOKMARK [1][-]{section.3}{Analysis of the Problem}{}% 7
\BOOKMARK [2][-]{subsection.3.1}{Simplification of the Problem}{section.3}% 8
\BOOKMARK [2][-]{subsection.3.2}{Analysis of the Process}{section.3}% 9
\BOOKMARK [2][-]{subsection.3.3}{Solution Steps}{section.3}% 10
\BOOKMARK [1][-]{section.4}{Establishment of the Model}{}% 11
\BOOKMARK [2][-]{subsection.4.1}{M/M/s Waiting Queuing Model}{section.4}% 12
\BOOKMARK [3][-]{subsubsection.4.1.1}{Single Desk Model}{subsection.4.1}% 13
\BOOKMARK [3][-]{subsubsection.4.1.2}{Multi-service Desk Model}{subsection.4.1}% 14
\BOOKMARK [2][-]{subsection.4.2}{Exploration Model by Simulation}{section.4}% 15
\BOOKMARK [2][-]{subsection.4.3}{Multi-objective Optimization Model}{section.4}% 16
\BOOKMARK [1][-]{section.5}{Calculation and Analysis of the Model}{}% 17
\BOOKMARK [2][-]{subsection.5.1}{Task A}{section.5}% 18
\BOOKMARK [2][-]{subsection.5.2}{Task B}{section.5}% 19
\BOOKMARK [2][-]{subsection.5.3}{Task C}{section.5}% 20
\BOOKMARK [1][-]{section.6}{Strengths and Weaknesses}{}% 21
\BOOKMARK [2][-]{subsection.6.1}{Strengths}{section.6}% 22
\BOOKMARK [2][-]{subsection.6.2}{Weaknesses}{section.6}% 23
\BOOKMARK [1][-]{section.7}{Future Work}{}% 24
\BOOKMARK [1][-]{section.8}{Policy and Procedural Recommendations}{}% 25
\BOOKMARK [1][-]{section*.30}{Appendices}{}% 26
