This is XeTeX, Version 3.14159265-2.6-0.99996 (TeX Live 2016) (preloaded format=xelatex 2017.1.30)  11 MAR 2017 16:35
entering extended mode
 restricted \write18 enabled.
 file:line:error style messages enabled.
 %&-line parsing enabled.
**example.tex
(./example.tex
LaTeX2e <2017/01/01> patch level 1
Babel <3.9r> and hyphenation patterns for 83 language(s) loaded.
(./cumcmthesis.cls
Document Class: cumcmthesis 2015/08/22 v2.0 Standard LaTeX document class
(/usr/local/texlive/2016/texmf-dist/tex/latex/base/article.cls
Document Class: article 2014/09/29 v1.4h Standard LaTeX document class
(/usr/local/texlive/2016/texmf-dist/tex/latex/base/size12.clo
File: size12.clo 2014/09/29 v1.4h Standard LaTeX file (size option)
)
\c@part=\count79
\c@section=\count80
\c@subsection=\count81
\c@subsubsection=\count82
\c@paragraph=\count83
\c@subparagraph=\count84
\c@figure=\count85
\c@table=\count86
\abovecaptionskip=\skip41
\belowcaptionskip=\skip42
\bibindent=\dimen102
) (/usr/local/texlive/2016/texmf-dist/tex/generic/ifxetex/ifxetex.sty
Package: ifxetex 2010/09/12 v0.6 Provides ifxetex conditional
) (/usr/local/texlive/2016/texmf-dist/tex/latex/ctex/ctex.sty (/usr/local/texlive/2016/texmf-dist/tex/latex/l3kernel/expl3.sty
Package: expl3 2017/01/28 v6834 L3 programming layer (loader) 
 (/usr/local/texlive/2016/texmf-dist/tex/latex/l3kernel/expl3-code.tex
Package: expl3 2017/01/28 v6834 L3 programming layer (code)
L3 Module: l3bootstrap 2016/12/28 v6805 L3 Bootstrap code
L3 Module: l3names 2016/12/28 v6805 L3 Namespace for primitives
L3 Module: l3basics 2016/12/28 v6805 L3 Basic definitions
L3 Module: l3expan 2016/12/28 v6805 L3 Argument expansion
L3 Module: l3tl 2016/12/28 v6805 L3 Token lists
L3 Module: l3str 2017/01/01 v6809 L3 Strings
L3 Module: l3seq 2016/12/28 v6805 L3 Sequences and stacks
L3 Module: l3int 2016/12/28 v6805 L3 Integers
\c_max_int=\count87
\l_tmpa_int=\count88
\l_tmpb_int=\count89
\g_tmpa_int=\count90
\g_tmpb_int=\count91
L3 Module: l3quark 2016/12/28 v6805 L3 Quarks
L3 Module: l3prg 2017/01/01 v6811 L3 Control structures
\g__prg_map_int=\count92
L3 Module: l3clist 2016/12/28 v6805 L3 Comma separated lists
L3 Module: l3token 2016/12/28 v6805 L3 Experimental token manipulation
L3 Module: l3prop 2016/12/28 v6805 L3 Property lists
L3 Module: l3msg 2016/12/28 v6805 L3 Messages
L3 Module: l3file 2016/12/28 v6805 L3 File and I/O operations
\l_iow_line_count_int=\count93
\l__iow_target_count_int=\count94
\l__iow_current_line_int=\count95
\l__iow_current_word_int=\count96
\l__iow_current_indentation_int=\count97
L3 Module: l3skip 2017/01/01 v6809 L3 Dimensions and skips
\c_zero_dim=\dimen103
\c_max_dim=\dimen104
\l_tmpa_dim=\dimen105
\l_tmpb_dim=\dimen106
\g_tmpa_dim=\dimen107
\g_tmpb_dim=\dimen108
\c_zero_skip=\skip43
\c_max_skip=\skip44
\l_tmpa_skip=\skip45
\l_tmpb_skip=\skip46
\g_tmpa_skip=\skip47
\g_tmpb_skip=\skip48
\c_zero_muskip=\muskip10
\c_max_muskip=\muskip11
\l_tmpa_muskip=\muskip12
\l_tmpb_muskip=\muskip13
\g_tmpa_muskip=\muskip14
\g_tmpb_muskip=\muskip15
L3 Module: l3keys 2017/01/01 v6811 L3 Key-value interfaces
\l_keys_choice_int=\count98
L3 Module: l3fp 2016/12/28 v6805 L3 Floating points
\c__fp_leading_shift_int=\count99
\c__fp_middle_shift_int=\count100
\c__fp_trailing_shift_int=\count101
\c__fp_big_leading_shift_int=\count102
\c__fp_big_middle_shift_int=\count103
\c__fp_big_trailing_shift_int=\count104
\c__fp_Bigg_leading_shift_int=\count105
\c__fp_Bigg_middle_shift_int=\count106
\c__fp_Bigg_trailing_shift_int=\count107
L3 Module: l3box 2016/12/28 v6805 L3 Experimental boxes
\c_empty_box=\box26
\l_tmpa_box=\box27
\l_tmpb_box=\box28
\g_tmpa_box=\box29
\g_tmpb_box=\box30
L3 Module: l3coffins 2016/12/28 v6805 L3 Coffin code layer
\l__coffin_internal_box=\box31
\l__coffin_internal_dim=\dimen109
\l__coffin_offset_x_dim=\dimen110
\l__coffin_offset_y_dim=\dimen111
\l__coffin_x_dim=\dimen112
\l__coffin_y_dim=\dimen113
\l__coffin_x_prime_dim=\dimen114
\l__coffin_y_prime_dim=\dimen115
\c_empty_coffin=\box32
\l__coffin_aligned_coffin=\box33
\l__coffin_aligned_internal_coffin=\box34
\l_tmpa_coffin=\box35
\l_tmpb_coffin=\box36
\l__coffin_display_coffin=\box37
\l__coffin_display_coord_coffin=\box38
\l__coffin_display_pole_coffin=\box39
\l__coffin_display_offset_dim=\dimen116
\l__coffin_display_x_dim=\dimen117
\l__coffin_display_y_dim=\dimen118
L3 Module: l3color 2016/12/28 v6805 L3 Experimental color support
L3 Module: l3sys 2017/01/01 v6811 L3 Experimental system/runtime functions
L3 Module: l3candidates 2017/01/01 v6809 L3 Experimental additions to l3kernel
\l__box_top_dim=\dimen119
\l__box_bottom_dim=\dimen120
\l__box_left_dim=\dimen121
\l__box_right_dim=\dimen122
\l__box_top_new_dim=\dimen123
\l__box_bottom_new_dim=\dimen124
\l__box_left_new_dim=\dimen125
\l__box_right_new_dim=\dimen126
\l__box_internal_box=\box40
\l__coffin_bounding_shift_dim=\dimen127
\l__coffin_left_corner_dim=\dimen128
\l__coffin_right_corner_dim=\dimen129
\l__coffin_bottom_corner_dim=\dimen130
\l__coffin_top_corner_dim=\dimen131
\l__coffin_scaled_total_height_dim=\dimen132
\l__coffin_scaled_width_dim=\dimen133
L3 Module: l3luatex 2016/12/28 v6805 L3 Experimental LuaTeX-specific functions
) (/usr/local/texlive/2016/texmf-dist/tex/latex/l3kernel/l3xdvipdfmx.def
File: l3xdvidpfmx.def 2016/12/28 v6805 L3 Experimental driver: xdvipdfmx
\l__driver_tmp_box=\box41
))
Package: ctex 2016/12/27 v2.4.7 Chinese adapter in LaTeX (CTEX)
 (/usr/local/texlive/2016/texmf-dist/tex/latex/l3packages/xparse/xparse.sty
Package: xparse 2017/01/28 v6834 L3 Experimental document command parser
\l__xparse_current_arg_int=\count108
\l__xparse_m_args_int=\count109
\l__xparse_mandatory_args_int=\count110
\l__xparse_processor_int=\count111
\l__xparse_v_nesting_int=\count112
) (/usr/local/texlive/2016/texmf-dist/tex/latex/l3packages/l3keys2e/l3keys2e.sty
Package: l3keys2e 2017/01/28 v6834 LaTeX2e option processing using LaTeX3 keys
)
\g__file_internal_ior=\read1
 (/usr/local/texlive/2016/texmf-dist/tex/latex/ctex/ctexhook.sty
Package: ctexhook 2016/12/27 v2.4.7 Document and package hooks (CTEX)
) (/usr/local/texlive/2016/texmf-dist/tex/latex/ctex/ctexpatch.sty
Package: ctexpatch 2016/12/27 v2.4.7 Patching commands (CTEX)
) (/usr/local/texlive/2016/texmf-dist/tex/latex/base/fix-cm.sty
Package: fix-cm 2015/01/14 v1.1t fixes to LaTeX
 (/usr/local/texlive/2016/texmf-dist/tex/latex/base/ts1enc.def
File: ts1enc.def 2001/06/05 v3.0e (jk/car/fm) Standard LaTeX file
)) (/usr/local/texlive/2016/texmf-dist/tex/latex/ms/everysel.sty
Package: everysel 2011/10/28 v1.2 EverySelectfont Package (MS)
)
\l__ctex_tmp_int=\count113
\l__ctex_tmp_box=\box42
\l__ctex_tmp_dim=\dimen134
 (/usr/local/texlive/2016/texmf-dist/tex/latex/ctex/config/ctexopts.cfg
File: ctexopts.cfg 2016/12/27 v2.4.7 Option configuration file (CTEX)
) (/usr/local/texlive/2016/texmf-dist/tex/latex/ctex/engine/ctex-engine-xetex.def
File: ctex-engine-xetex.def 2016/12/27 v2.4.7 XeLaTeX adapter (CTEX)
 (/usr/local/texlive/2016/texmf-dist/tex/xelatex/xecjk/xeCJK.sty
Package: xeCJK 2017/01/02 v3.4.5 Typesetting CJK scripts with XeLaTeX
 (/usr/local/texlive/2016/texmf-dist/tex/latex/l3packages/xtemplate/xtemplate.sty
Package: xtemplate 2017/01/28 v6834 L3 Experimental prototype document functions
\l__xtemplate_tmp_dim=\dimen135
\l__xtemplate_tmp_int=\count114
\l__xtemplate_tmp_muskip=\muskip16
\l__xtemplate_tmp_skip=\skip49
)
\l__xeCJK_tmp_int=\count115
\l__xeCJK_tmp_box=\box43
\l__xeCJK_tmp_dim=\dimen136
\l__xeCJK_tmp_skip=\skip50
.................................................
. LaTeX info: "xparse/define-command"
. 
. Defining command \xeCJKShipoutHook with sig. '' on line 148.
.................................................
\g__xeCJK_spacefactor_int=\count116
\l__xeCJK_begin_int=\count117
\l__xeCJK_end_int=\count118
.................................................
. LaTeX info: "xparse/define-command"
. 
. Defining command \makexeCJKactive with sig. '' on line 377.
.................................................
.................................................
. LaTeX info: "xparse/define-command"
. 
. Defining command \makexeCJKinactive with sig. '' on line 378.
.................................................
\c__xeCJK_CJK_class_int=\XeTeXcharclass1
\c__xeCJK_FullLeft_class_int=\XeTeXcharclass2
\c__xeCJK_FullRight_class_int=\XeTeXcharclass3
\c__xeCJK_HalfLeft_class_int=\XeTeXcharclass4
\c__xeCJK_HalfRight_class_int=\XeTeXcharclass5
\c__xeCJK_NormalSpace_class_int=\XeTeXcharclass6
\c__xeCJK_CM_class_int=\XeTeXcharclass7
\c__xeCJK_HangulJamo_class_int=\XeTeXcharclass8
.................................................
. LaTeX info: "xparse/define-command"
. 
. Defining command \xeCJKDeclareCharClass with sig. 's>{\TrimSpaces }mm' on
. line 542.
.................................................
.................................................
. LaTeX info: "xparse/define-command"
. 
. Defining command \__xeCJK_set_char_class_aux:Nnw with sig.
. 'm>{\SplitArgument {1}{->}}m' on line 563.
.................................................
.................................................
. LaTeX info: "xparse/define-command"
. 
. Defining command \normalspacedchars with sig. 'm' on line 608.
.................................................
.................................................
. LaTeX info: "xparse/define-command"
. 
. Defining command \xeCJKResetPunctClass with sig. '' on line 619.
.................................................
.................................................
. LaTeX info: "xparse/define-command"
. 
. Defining command \xeCJKResetCharClass with sig. '' on line 631.
.................................................
\l__xeCJK_last_skip=\skip51
\g__xeCJK_node_int=\count119
\c__xeCJK_CJK_node_dim=\dimen137
\c__xeCJK_CJK-space_node_dim=\dimen138
\c__xeCJK_default_node_dim=\dimen139
\c__xeCJK_default-space_node_dim=\dimen140
\c__xeCJK_CJK-widow_node_dim=\dimen141
\c__xeCJK_normalspace_node_dim=\dimen142
\l__xeCJK_ccglue_skip=\skip52
\l__xeCJK_ecglue_skip=\skip53
.................................................
. LaTeX info: "xparse/define-command"
. 
. Defining command \xeCJKnobreak with sig. '' on line 1470.
.................................................
\l__xeCJK_widow_penalty_int=\count120
.................................................
. LaTeX info: "xparse/define-command"
. 
. Defining command \xeCJKDeclareSubCJKBlock with sig. 's>{\TrimSpaces }mm' on
. line 1666.
.................................................
.................................................
. LaTeX info: "xparse/define-command"
. 
. Defining command \xeCJKCancelSubCJKBlock with sig. 'sm' on line 1677.
.................................................
.................................................
. LaTeX info: "xparse/define-command"
. 
. Defining command \xeCJKRestoreSubCJKBlock with sig. 'sm' on line 1686.
.................................................
.................................................
. LaTeX info: "xparse/define-command"
. 
. Defining command \xeCJKsetwidth with sig. 'smm' on line 1784.
.................................................
.................................................
. LaTeX info: "xparse/define-command"
. 
. Defining command \xeCJKsetkern with sig. 'mmm' on line 1788.
.................................................
.................................................
. xtemplate info: "declare-object-type"
. 
. Declaring object type 'xeCJK/punctuation' taking \c_zero  argument(s) on
. line 1925.
.................................................
\l__xeCJK_fixed_punct_width_dim=\dimen143
\l__xeCJK_mixed_punct_width_dim=\dimen144
\l__xeCJK_middle_punct_width_dim=\dimen145
\l__xeCJK_fixed_margin_width_dim=\dimen146
\l__xeCJK_mixed_margin_width_dim=\dimen147
\l__xeCJK_middle_margin_width_dim=\dimen148
\l__xeCJK_bound_punct_width_dim=\dimen149
\l__xeCJK_bound_margin_width_dim=\dimen150
\l__xeCJK_margin_minimum_dim=\dimen151
\l__xeCJK_kerning_total_width_dim=\dimen152
\l__xeCJK_same_align_margin_dim=\dimen153
\l__xeCJK_different_align_margin_dim=\dimen154
\l__xeCJK_kerning_margin_width_dim=\dimen155
\l__xeCJK_kerning_margin_minimum_dim=\dimen156
\l__xeCJK_bound_dim=\dimen157
\l__xeCJK_reverse_bound_dim=\dimen158
\l__xeCJK_minimum_bound_dim=\dimen159
\l__xeCJK_kerning_margin_dim=\dimen160
\l__xeCJK_original_margin_dim=\dimen161
.................................................
. LaTeX info: "xparse/define-command"
. 
. Defining command \xeCJKDeclarePunctStyle with sig. '>{\TrimSpaces }mm' on
. line 2423.
.................................................
.................................................
. LaTeX info: "xparse/define-command"
. 
. Defining command \xeCJKEditPunctStyle with sig. '>{\TrimSpaces }mm' on line
. 2436.
.................................................
.................................................
. LaTeX info: "xparse/define-command"
. 
. Defining command \setCJKfallbackfamilyfont with sig. 'mom' on line 2528.
.................................................
\g__xeCJK_family_int=\count121
.................................................
. LaTeX info: "xparse/define-command"
. 
. Defining command \CJKfamily with sig. 't+t-m' on line 2955.
.................................................
.................................................
. LaTeX info: "xparse/define-command"
. 
. Defining command \__xeCJK_gobble_CJKfamily:wn with sig. 't+t-m' on line
. 2969.
.................................................
.................................................
. LaTeX info: "xparse/define-command"
. 
. Defining command \__xeCJK_post_arg:w with sig. 'mmmO{}' on line 3028.
.................................................
.................................................
. LaTeX info: "xparse/define-command"
. 
. Defining command \setCJKmainfont with sig. 'om' on line 3034.
.................................................
.................................................
. LaTeX info: "xparse/define-command"
. 
. Defining command \setCJKsansfont with sig. 'om' on line 3041.
.................................................
.................................................
. LaTeX info: "xparse/define-command"
. 
. Defining command \setCJKmonofont with sig. 'om' on line 3047.
.................................................
.................................................
. LaTeX info: "xparse/define-command"
. 
. Defining command \setCJKfamilyfont with sig. 'mom' on line 3058.
.................................................
.................................................
. LaTeX info: "xparse/define-command"
. 
. Defining command \newCJKfontfamily with sig. 'omom' on line 3066.
.................................................
.................................................
. LaTeX info: "xparse/define-command"
. 
. Defining command \CJKfontspec with sig. 'om' on line 3072.
.................................................
.................................................
. LaTeX info: "xparse/define-command"
. 
. Defining command \defaultCJKfontfeatures with sig. 'm' on line 3095.
.................................................
.................................................
. LaTeX info: "xparse/define-command"
. 
. Defining command \addCJKfontfeatures with sig. 'sO{}m' on line 3101.
.................................................
.................................................
. LaTeX info: "xparse/define-command"
. 
. Defining command \setCJKmathfont with sig. 'om' on line 3275.
.................................................
\l__xeCJK_fam_int=\count122
\g__xeCJK_fam_allocation_int=\count123
\l__xeCJK_verb_case_int=\count124
.................................................
. LaTeX info: "xparse/define-command"
. 
. Defining command \xeCJKVerbAddon with sig. '' on line 3515.
.................................................
.................................................
. LaTeX info: "xparse/define-command"
. 
. Defining command \xeCJKOffVerbAddon with sig. '' on line 3519.
.................................................
\l__xeCJK_verb_exspace_skip=\skip54
 (/usr/local/texlive/2016/texmf-dist/tex/latex/fontspec/fontspec.sty
Package: fontspec 2017/01/24 v2.5d Font selection for XeLaTeX and LuaLaTeX
 (/usr/local/texlive/2016/texmf-dist/tex/latex/fontspec/fontspec-xetex.sty
Package: fontspec-xetex 2017/01/24 v2.5d Font selection for XeLaTeX and LuaLaTeX
\l__fontspec_script_int=\count125
\l__fontspec_language_int=\count126
\l__fontspec_strnum_int=\count127
\l__fontspec_tmp_int=\count128
\l__fontspec_em_int=\count129
\l__fontspec_emdef_int=\count130
\l__fontspec_tmpa_dim=\dimen162
\l__fontspec_tmpb_dim=\dimen163
\l__fontspec_tmpc_dim=\dimen164
 (/usr/local/texlive/2016/texmf-dist/tex/latex/base/fontenc.sty
Package: fontenc 2017/01/24 v2.0c Standard LaTeX package
 (/usr/local/texlive/2016/texmf-dist/tex/latex/base/tuenc.def
File: tuenc.def 2017/01/24 v2.0c Standard LaTeX file
LaTeX Font Info:    Redeclaring font encoding TU on input line 67.
))
.................................................
. LaTeX info: "xparse/define-command"
. 
. Defining command \fontspec with sig. 'O{}mO{}' on line 470.
.................................................
.................................................
. LaTeX info: "xparse/define-command"
. 
. Defining command \setmainfont with sig. 'O{}mO{}' on line 486.
.................................................
.................................................
. LaTeX info: "xparse/define-command"
. 
. Defining command \setsansfont with sig. 'O{}mO{}' on line 502.
.................................................
.................................................
. LaTeX info: "xparse/define-command"
. 
. Defining command \setmonofont with sig. 'O{}mO{}' on line 518.
.................................................
.................................................
. LaTeX info: "xparse/define-command"
. 
. Defining command \setmathrm with sig. 'O{}mO{}' on line 523.
.................................................
.................................................
. LaTeX info: "xparse/define-command"
. 
. Defining command \setboldmathrm with sig. 'O{}mO{}' on line 528.
.................................................
.................................................
. LaTeX info: "xparse/define-command"
. 
. Defining command \setmathsf with sig. 'O{}mO{}' on line 533.
.................................................
.................................................
. LaTeX info: "xparse/define-command"
. 
. Defining command \setmathtt with sig. 'O{}mO{}' on line 538.
.................................................
.................................................
. LaTeX info: "xparse/define-command"
. 
. Defining command \newfontfamily with sig. 'mO{}mO{}' on line 558.
.................................................
.................................................
. LaTeX info: "xparse/define-command"
. 
. Defining command \newfontface with sig. 'mO{}mO{}' on line 562.
.................................................
.................................................
. LaTeX info: "xparse/define-command"
. 
. Defining command \defaultfontfeatures with sig. 't+om' on line 569.
.................................................
.................................................
. LaTeX info: "xparse/define-command"
. 
. Defining command \addfontfeatures with sig. 'm' on line 618.
.................................................
.................................................
. LaTeX info: "xparse/define-command"
. 
. Defining command \newfontfeature with sig. 'mm' on line 629.
.................................................
.................................................
. LaTeX info: "xparse/define-command"
. 
. Defining command \newAATfeature with sig. 'mmmm' on line 637.
.................................................
.................................................
. LaTeX info: "xparse/define-command"
. 
. Defining command \newopentypefeature with sig. 'mmm' on line 645.
.................................................
.................................................
. LaTeX info: "xparse/define-command"
. 
. Defining command \aliasfontfeature with sig. 'mm' on line 666.
.................................................
.................................................
. LaTeX info: "xparse/define-command"
. 
. Defining command \aliasfontfeatureoption with sig. 'mmm' on line 683.
.................................................
.................................................
. LaTeX info: "xparse/define-command"
. 
. Defining command \newfontscript with sig. 'mm' on line 687.
.................................................
.................................................
. LaTeX info: "xparse/define-command"
. 
. Defining command \newfontlanguage with sig. 'mm' on line 691.
.................................................
.................................................
. LaTeX info: "xparse/define-command"
. 
. Defining command \DeclareFontsExtensions with sig. 'm' on line 696.
.................................................
.................................................
. LaTeX info: "xparse/define-command"
. 
. Defining command \IfFontFeatureActiveTF with sig. 'mmm' on line 702.
.................................................
.................................................
. LaTeX info: "xparse/define-command"
. 
. Defining command \EncodingCommand with sig. 'mO{}m' on line 3307.
.................................................
.................................................
. LaTeX info: "xparse/define-command"
. 
. Defining command \EncodingAccent with sig. 'mm' on line 3313.
.................................................
.................................................
. LaTeX info: "xparse/define-command"
. 
. Defining command \EncodingSymbol with sig. 'mm' on line 3319.
.................................................
.................................................
. LaTeX info: "xparse/define-command"
. 
. Defining command \EncodingComposite with sig. 'mmm' on line 3325.
.................................................
.................................................
. LaTeX info: "xparse/define-command"
. 
. Defining command \EncodingCompositeCommand with sig. 'mmm' on line 3331.
.................................................
.................................................
. LaTeX info: "xparse/define-command"
. 
. Defining command \DeclareUnicodeEncoding with sig. 'mm' on line 3356.
.................................................
.................................................
. LaTeX info: "xparse/define-command"
. 
. Defining command \UndeclareSymbol with sig. 'm' on line 3362.
.................................................
.................................................
. LaTeX info: "xparse/define-command"
. 
. Defining command \UndeclareComposite with sig. 'mm' on line 3370.
.................................................
 (/usr/local/texlive/2016/texmf-dist/tex/latex/fontspec/fontspec.cfg)
LaTeX Info: Redefining \itshape on input line 3555.
LaTeX Info: Redefining \slshape on input line 3560.
LaTeX Info: Redefining \scshape on input line 3565.
LaTeX Info: Redefining \upshape on input line 3570.
LaTeX Info: Redefining \em on input line 3590.
LaTeX Info: Redefining \emph on input line 3607.
LaTeX Info: Redefining \- on input line 3614.
.................................................
. LaTeX info: "xparse/redefine-command"
. 
. Redefining command \oldstylenums with sig. 'm' on line 3709.
.................................................
.................................................
. LaTeX info: "xparse/define-command"
. 
. Defining command \liningnums with sig. 'm' on line 3713.
.................................................
)) (/usr/local/texlive/2016/texmf-dist/tex/xelatex/xecjk/xunicode-addon.sty
Package: xunicode-addon 2017/01/02 v3.4.5 addon file for xunicode
 (/usr/local/texlive/2016/texmf-dist/tex/xelatex/xunicode/xunicode.sty
File: xunicode.sty 2011/09/09 v0.981 provides access to latin accents and many other characters in Unicode lower plane
 (/usr/local/texlive/2016/texmf-dist/tex/latex/tipa/t3enc.def
File: t3enc.def 2001/12/31 T3 encoding
)
\tipaTiiicode=\count131
\tipasavetokens=\toks14
\tipachecktokens=\toks15
 (/usr/local/texlive/2016/texmf-dist/tex/latex/graphics/graphicx.sty
Package: graphicx 2014/10/28 v1.0g Enhanced LaTeX Graphics (DPC,SPQR)
 (/usr/local/texlive/2016/texmf-dist/tex/latex/graphics/keyval.sty
Package: keyval 2014/10/28 v1.15 key=value parser (DPC)
\KV@toks@=\toks16
) (/usr/local/texlive/2016/texmf-dist/tex/latex/graphics/graphics.sty
Package: graphics 2016/10/09 v1.0u Standard LaTeX Graphics (DPC,SPQR)
 (/usr/local/texlive/2016/texmf-dist/tex/latex/graphics/trig.sty
Package: trig 2016/01/03 v1.10 sin cos tan (DPC)
)
(/usr/local/texlive/2016/texmf-dist/tex/latex/graphics-cfg/graphics.cfg
File: graphics.cfg 2016/06/04 v1.11 sample graphics configuration
)
Package graphics Info: Driver file: xetex.def on input line 99.
 (/usr/local/texlive/2016/texmf-dist/tex/latex/graphics-def/xetex.def
File: xetex.def 2016/07/11 v4.10 LaTeX color/graphics driver for XeTeX (L3/RRM/JK)
))
\Gin@req@height=\dimen165
\Gin@req@width=\dimen166
))
.................................................
. LaTeX info: "xparse/redefine-command"
. 
. Redefining command \ReloadXunicode with sig. 'm' on line 84.
.................................................
.................................................
. LaTeX info: "xparse/redefine-command"
. 
. Redefining command \DeclareUTFmathsymbols with sig. 'm' on line 129.
.................................................
.................................................
. LaTeX info: "xparse/redefine-command"
. 
. Redefining command \UseMathAsText with sig. '' on line 138.
.................................................
.................................................
. LaTeX info: "xparse/redefine-command"
. 
. Redefining command \UndeclareUTFcharacter with sig. 'O{\UTFencname }mm' on
. line 173.
.................................................
.................................................
. LaTeX info: "xparse/redefine-command"
. 
. Redefining command \UndeclareUTFcomposite with sig. 'O{\UTFencname }mmm' on
. line 180.
.................................................
.................................................
. LaTeX info: "xparse/redefine-command"
. 
. Redefining command \DeclareUTFcharacter with sig. 'O{\UTFencname }mm' on
. line 207.
.................................................
.................................................
. LaTeX info: "xparse/define-command"
. 
. Defining command \DeclareUTFSymbol with sig. 'mO{\UTFencname }m' on line
. 233.
.................................................
.................................................
. LaTeX info: "xparse/define-command"
. 
. Defining command \DeclareUTFCommand with sig. 'mO{\UTFencname }m' on line
. 235.
.................................................
.................................................
. LaTeX info: "xparse/redefine-command"
. 
. Redefining command \DeclareUTFcomposite with sig. 'O{\UTFencname }mmm' on
. line 278.
.................................................
.................................................
. LaTeX info: "xparse/define-command"
. 
. Defining command \DeclareUTFCompositeCommand with sig. 'mO{\UTFencname }mm'
. on line 291.
.................................................
.................................................
. LaTeX info: "xparse/define-command"
. 
. Defining command \DeclareUTFCompositeSymbol with sig. 'mO{\UTFencname }mm'
. on line 296.
.................................................
.................................................
. LaTeX info: "xparse/define-command"
. 
. Defining command \DeclareUTFComposite with sig. 'mO{\UTFencname }' on line
. 298.
.................................................
.................................................
. LaTeX info: "xparse/define-command"
. 
. Defining command \DeclareUTFEncodedAccent with sig. 'mO{\UTFencname }mm' on
. line 300.
.................................................
.................................................
. LaTeX info: "xparse/define-command"
. 
. Defining command \DeclareUTFEncodedAccents with sig. 'mO{\UTFencname }mm' on
. line 302.
.................................................
.................................................
. LaTeX info: "xparse/define-command"
. 
. Defining command \DeclareUTFEncodedSymbol with sig. 'mO{\UTFencname }mm' on
. line 304.
.................................................
.................................................
. LaTeX info: "xparse/define-command"
. 
. Defining command \DeclareUTFEncodedCircle with sig. 'mO{\UTFencname }mm' on
. line 306.
.................................................
.................................................
. LaTeX info: "xparse/redefine-command"
. 
. Redefining command \DeclareEncodedCompositeCharacter with sig. 'mmmm' on
. line 308.
.................................................
.................................................
. LaTeX info: "xparse/redefine-command"
. 
. Redefining command \DeclareEncodedCompositeAccents with sig. 'mmmm' on line
. 310.
.................................................
.................................................
. LaTeX info: "xparse/define-command"
. 
. Defining command \DeclareUTFDoubleEncodedAccent with sig. 'mO{\UTFencname
. }mm' on line 312.
.................................................
.................................................
. LaTeX info: "xparse/define-command"
. 
. Defining command \DeclareUTFDoubleEncodedSymbol with sig. 'mO{\UTFencname
. }mm' on line 314.
.................................................
\l__xunadd_tmp_coffin=\box44
\l__xunadd_circle_coffin=\box45
.................................................
. LaTeX info: "xparse/define-command"
. 
. Defining command \settextcircledratio with sig. 'm' on line 465.
.................................................
.................................................
. LaTeX info: "xparse/define-command"
. 
. Defining command \AtBeginUTFCommand with sig. 'sO{}+m' on line 534.
.................................................
.................................................
. LaTeX info: "xparse/define-command"
. 
. Defining command \AtEndUTFCommand with sig. 'sO{}+m' on line 544.
.................................................
.................................................
. LaTeX info: "xparse/define-command"
. 
. Defining command \DeclareUTFTIPACommand with sig. 'O{\UTFencname }m' on line
. 576.
.................................................
) (/usr/local/texlive/2016/texmf-dist/tex/xelatex/xunicode/xunicode.sty
File: xunicode.sty 2011/09/09 v0.981 provides access to latin accents and many other characters in Unicode lower plane

*** Reloading Xunicode for encoding 'TU' ***
) (/usr/local/texlive/2016/texmf-dist/tex/xelatex/xecjk/xunicode-extra.def
File: xunicode-extra.def 2017/01/02 v3.4.5 extra definition for xunicode
)
.................................................
. LaTeX info: "xparse/define-command"
. 
. Defining command \xeCJKsetup with sig. '+m' on line 3820.
.................................................
.................................................
. LaTeX info: "xparse/define-command"
. 
. Defining command \xeCJKsetemboldenfactor with sig. 'm' on line 3822.
.................................................
.................................................
. LaTeX info: "xparse/define-command"
. 
. Defining command \xeCJKsetslantfactor with sig. 'm' on line 3824.
.................................................
.................................................
. LaTeX info: "xparse/define-command"
. 
. Defining command \punctstyle with sig. 'm' on line 3825.
.................................................
.................................................
. LaTeX info: "xparse/define-command"
. 
. Defining command \xeCJKplainchr with sig. '' on line 3826.
.................................................
.................................................
. LaTeX info: "xparse/define-command"
. 
. Defining command \CJKsetecglue with sig. 'm' on line 3827.
.................................................
.................................................
. LaTeX info: "xparse/define-command"
. 
. Defining command \CJKspace with sig. '' on line 3829.
.................................................
.................................................
. LaTeX info: "xparse/define-command"
. 
. Defining command \CJKnospace with sig. '' on line 3830.
.................................................
.................................................
. LaTeX info: "xparse/define-command"
. 
. Defining command \xeCJKallowbreakbetweenpuncts with sig. '' on line 3832.
.................................................
.................................................
. LaTeX info: "xparse/define-command"
. 
. Defining command \xeCJKnobreakbetweenpuncts with sig. '' on line 3834.
.................................................
.................................................
. LaTeX info: "xparse/define-command"
. 
. Defining command \xeCJKenablefallback with sig. '' on line 3836.
.................................................
.................................................
. LaTeX info: "xparse/define-command"
. 
. Defining command \xeCJKdisablefallback with sig. '' on line 3838.
.................................................
.................................................
. LaTeX info: "xparse/define-command"
. 
. Defining command \xeCJKsetcharclass with sig. 'mmm' on line 3843.
.................................................
.................................................
. LaTeX info: "xparse/redefine-command"
. 
. Redefining command \nobreakspace with sig. '' on line 3989.
.................................................
.................................................
. LaTeX info: "xparse/redefine-command"
. 
. Redefining command \fontfamily with sig. 'm' on line 4035.
.................................................
 (/usr/local/texlive/2016/texmf-dist/tex/xelatex/xecjk/xeCJK.cfg
File: xeCJK.cfg 2017/01/02 v3.4.5 Configuration file for xeCJK package
)) (/usr/local/texlive/2016/texmf-dist/tex/xelatex/xecjk/xeCJKfntef.sty
Package: xeCJKfntef 2017/01/02 v3.4.5 xeCJK font effect
 (/usr/local/texlive/2016/texmf-dist/tex/generic/ulem/ulem.sty
\UL@box=\box46
\UL@hyphenbox=\box47
\UL@skip=\skip55
\UL@hook=\toks17
\UL@height=\dimen167
\UL@pe=\count132
\UL@pixel=\dimen168
\ULC@box=\box48
Package: ulem 2012/05/18
\ULdepth=\dimen169
) (/usr/local/texlive/2016/texmf-dist/tex/latex/environ/environ.sty
Package: environ 2014/05/04 v0.3 A new way to define environments
 (/usr/local/texlive/2016/texmf-dist/tex/latex/trimspaces/trimspaces.sty
Package: trimspaces 2009/09/17 v1.1 Trim spaces around a token list
)
\@envbody=\toks18
) (/usr/local/texlive/2016/texmf-dist/tex/latex/cjk/texinput/CJKfntef.sty
Package: CJKfntef 2015/04/18 4.8.4
\CJK@fntefSkip=\skip56
\CJK@nest=\count133
\CJK@fntefDimen=\dimen170
\CJK@underdotBox=\box49
\CJK@ULbox=\box50
\CJK@underanyskip=\dimen171
)
\l__xeCJK_space_skip=\skip57
\c__xeCJK_ulem-begin_node_dim=\dimen172
\c__xeCJK_null_box=\box51
.................................................
. LaTeX info: "xparse/define-command"
. 
. Defining command \xeCJKfntefon with sig. 'st-so' on line 614.
.................................................
.................................................
. LaTeX info: "xparse/redefine-command"
. 
. Redefining command \CJKunderline with sig. 'st-so' on line 630.
.................................................
.................................................
. LaTeX info: "xparse/redefine-command"
. 
. Redefining command \varCJKunderline with sig. '' on line 632.
.................................................
.................................................
. LaTeX info: "xparse/redefine-command"
. 
. Redefining command \CJKunderwave with sig. 'st-so' on line 642.
.................................................
.................................................
. LaTeX info: "xparse/redefine-command"
. 
. Redefining command \CJKunderdblline with sig. 'st-so' on line 666.
.................................................
.................................................
. LaTeX info: "xparse/redefine-command"
. 
. Redefining command \CJKsout with sig. 'st-so' on line 685.
.................................................
.................................................
. LaTeX info: "xparse/redefine-command"
. 
. Redefining command \CJKxout with sig. 'st-so' on line 702.
.................................................
.................................................
. LaTeX info: "xparse/redefine-command"
. 
. Redefining command \CJKunderanyline with sig. 'st-somm' on line 723.
.................................................
\l__xeCJK_fntef_box=\box52
.................................................
. LaTeX info: "xparse/redefine-command"
. 
. Redefining command \CJKunderanysymbol with sig. 'ommm' on line 903.
.................................................
.................................................
. LaTeX info: "xparse/redefine-command"
. 
. Redefining command \CJKunderdot with sig. 'om' on line 912.
.................................................
\l__xeCJK_under_symbol_box=\box53
.................................................
. LaTeX info: "xparse/redefine-environment"
. 
. Redefining environment 'CJKfilltwosides' with sig. 'O{c}m' on line 1016.
.................................................
\c__xeCJK_filll_skip=\skip58
)
\ccwd=\dimen173
\l__ctex_ccglue_skip=\skip59
)
.................................................
. LaTeX info: "xparse/define-command"
. 
. Defining command \ctexset with sig. '' on line 376.
.................................................
.................................................
. LaTeX info: "xparse/define-command"
. 
. Defining command \CTEXsetup with sig. '+o>{\TrimSpaces }m' on line 382.
.................................................
.................................................
. LaTeX info: "xparse/define-command"
. 
. Defining command \CTEXoptions with sig. '+o' on line 388.
.................................................
.................................................
. LaTeX info: "xparse/define-command"
. 
. Defining command \CTEXsetfont with sig. '' on line 406.
.................................................
.................................................
. LaTeX info: "xparse/define-command"
. 
. Defining command \ziju with sig. 'm' on line 478.
.................................................
\l__ctex_ziju_dim=\dimen174
.................................................
. LaTeX info: "xparse/define-command"
. 
. Defining command \CTEXindent with sig. '' on line 519.
.................................................
.................................................
. LaTeX info: "xparse/define-command"
. 
. Defining command \CTEXnoindent with sig. '' on line 525.
.................................................
 (/usr/local/texlive/2016/texmf-dist/tex/latex/zhnumber/zhnumber.sty
Package: zhnumber 2016/05/14 v2.4 Typesetting numbers with Chinese glyphs
.................................................
. LaTeX info: "xparse/define-command"
. 
. Defining command \zhnumber with sig. '+o+m' on line 50.
.................................................
.................................................
. LaTeX info: "xparse/define-command"
. 
. Defining command \zhnumberwithoptions with sig. '+m+m' on line 57.
.................................................
.................................................
. LaTeX info: "xparse/define-command"
. 
. Defining command \zhnum with sig. '+o+m' on line 111.
.................................................
.................................................
. LaTeX info: "xparse/define-command"
. 
. Defining command \zhnumwithoptions with sig. '+m+m' on line 118.
.................................................
.................................................
. LaTeX info: "xparse/define-command"
. 
. Defining command \zhdig with sig. '+o+m' on line 297.
.................................................
.................................................
. LaTeX info: "xparse/define-command"
. 
. Defining command \zhdigwithoptions with sig. '+m+m' on line 304.
.................................................
.................................................
. LaTeX info: "xparse/define-command"
. 
. Defining command \zhdigits with sig. '+s+o+m' on line 318.
.................................................
.................................................
. LaTeX info: "xparse/define-command"
. 
. Defining command \zhdigitswithoptions with sig. '+m+m+m' on line 325.
.................................................
.................................................
. LaTeX info: "xparse/define-command"
. 
. Defining command \zhdate with sig. '+s+m' on line 384.
.................................................
\l__zhnum_scale_int=\count134
.................................................
. LaTeX info: "xparse/define-command"
. 
. Defining command \zhnumExtendScaleMap with sig. '>{\TrimSpaces }+o+m' on
. line 506.
.................................................
.................................................
. LaTeX info: "xparse/define-command"
. 
. Defining command \zhnumsetup with sig. '+m' on line 938.
.................................................
 (/usr/local/texlive/2016/texmf-dist/tex/latex/zhnumber/zhnumber-utf8.cfg
File: zhnumber-utf8.cfg 2016/05/14 v2.4 Chinese numerals with UTF8 encoding
))
.................................................
. LaTeX info: "xparse/define-command"
. 
. Defining command \CTEXnumber with sig. 'mm' on line 542.
.................................................
.................................................
. LaTeX info: "xparse/define-command"
. 
. Defining command \CTEXdigits with sig. 'mm' on line 544.
.................................................
 (/usr/local/texlive/2016/texmf-dist/tex/latex/ctex/scheme/ctex-scheme-chinese.def
File: ctex-scheme-chinese.def 2016/12/27 v2.4.7 Chinese scheme for generic (CTEX)
 (/usr/local/texlive/2016/texmf-dist/tex/latex/ctex/config/ctex-name-utf8.cfg
File: ctex-name-utf8.cfg 2016/12/27 v2.4.7 Caption with encoding UTF8 (CTEX)
)) (/usr/local/texlive/2016/texmf-dist/tex/latex/tools/indentfirst.sty
Package: indentfirst 1995/11/23 v1.03 Indent first paragraph (DPC)
)
.................................................
. LaTeX info: "xparse/define-command"
. 
. Defining command \zihao with sig. 'm' on line 641.
.................................................
 (/usr/local/texlive/2016/texmf-dist/tex/latex/ctex/ctex-c5size.clo
File: ctex-c5size.clo 2016/12/27 v2.4.7 c5size option (CTEX)
)
.................................................
. LaTeX info: "xparse/define-command"
. 
. Defining command \CTeX with sig. '' on line 745.
.................................................
 (/usr/local/texlive/2016/texmf-dist/tex/latex/ctex/fontset/ctex-fontset-mac.def
File: ctex-fontset-mac.def 2016/12/27 v2.4.7 Mac OS X fonts definition (CTEX)

*************************************************
* fontspec warning: "script-not-exist"
* 
* Font 'STSong' does not contain script 'CJK'.
*************************************************
\g__fontspec_family_STSong_int=\count135
.................................................
. fontspec info: "no-font-shape"
. 
. Could not resolve font "STKaiti/B" (it probably doesn't exist).
.................................................
.................................................
. fontspec info: "no-font-shape"
. 
. Could not resolve font "STHeiti/I" (it probably doesn't exist).
.................................................
.................................................
. fontspec info: "no-font-shape"
. 
. Could not resolve font "STSong/BI" (it probably doesn't exist).
.................................................
.................................................
. fontspec info: "defining-font"
. 
. Font family 'STSong(0)' created for font 'STSong' with options
. [Script={CJK},BoldFont={STHeiti},ItalicFont={STKaiti}].
.  
.  This font family consists of the following NFSS series/shapes:
.  
. - 'normal' (m/n) with NFSS spec.: <->"STSong/OT"
. - 'small caps'  (m/sc) with NFSS spec.: 
. - 'bold' (bx/n) with NFSS spec.: <->"STHeiti/OT"
. - 'bold small caps'  (bx/sc) with NFSS spec.: 
. - 'italic' (m/it) with NFSS spec.: <->"STKaiti/OT"
. - 'italic small caps'  (m/itsc) with NFSS spec.: 
.................................................
.................................................
. LaTeX info: "xparse/define-command"
. 
. Defining command \songti with sig. '' on line 48.
.................................................
.................................................
. LaTeX info: "xparse/define-command"
. 
. Defining command \heiti with sig. '' on line 49.
.................................................
.................................................
. LaTeX info: "xparse/define-command"
. 
. Defining command \fangsong with sig. '' on line 50.
.................................................
.................................................
. LaTeX info: "xparse/define-command"
. 
. Defining command \kaishu with sig. '' on line 51.
.................................................
)) (/usr/local/texlive/2016/texmf-dist/tex/latex/ctex/config/ctex.cfg
File: ctex.cfg 2016/12/27 v2.4.7 Configuration file (CTEX)
) (/usr/local/texlive/2016/texmf-dist/tex/latex/geometry/geometry.sty
Package: geometry 2010/09/12 v5.6 Page Geometry
 (/usr/local/texlive/2016/texmf-dist/tex/generic/oberdiek/ifpdf.sty
Package: ifpdf 2016/05/14 v3.1 Provides the ifpdf switch
) (/usr/local/texlive/2016/texmf-dist/tex/generic/oberdiek/ifvtex.sty
Package: ifvtex 2016/05/16 v1.6 Detect VTeX and its facilities (HO)
Package ifvtex Info: VTeX not detected.
)
\Gm@cnth=\count136
\Gm@cntv=\count137
\c@Gm@tempcnt=\count138
\Gm@bindingoffset=\dimen175
\Gm@wd@mp=\dimen176
\Gm@odd@mp=\dimen177
\Gm@even@mp=\dimen178
\Gm@layoutwidth=\dimen179
\Gm@layoutheight=\dimen180
\Gm@layouthoffset=\dimen181
\Gm@layoutvoffset=\dimen182
\Gm@dimlist=\toks19
) (/usr/local/texlive/2016/texmf-dist/tex/latex/amsmath/amsmath.sty
Package: amsmath 2016/11/05 v2.16a AMS math features
\@mathmargin=\skip60

For additional information on amsmath, use the `?' option.
(/usr/local/texlive/2016/texmf-dist/tex/latex/amsmath/amstext.sty
Package: amstext 2000/06/29 v2.01 AMS text
 (/usr/local/texlive/2016/texmf-dist/tex/latex/amsmath/amsgen.sty
File: amsgen.sty 1999/11/30 v2.0 generic functions
\@emptytoks=\toks20
\ex@=\dimen183
)) (/usr/local/texlive/2016/texmf-dist/tex/latex/amsmath/amsbsy.sty
Package: amsbsy 1999/11/29 v1.2d Bold Symbols
\pmbraise@=\dimen184
) (/usr/local/texlive/2016/texmf-dist/tex/latex/amsmath/amsopn.sty
Package: amsopn 2016/03/08 v2.02 operator names
)
\inf@bad=\count139
LaTeX Info: Redefining \frac on input line 213.
\uproot@=\count140
\leftroot@=\count141
LaTeX Info: Redefining \overline on input line 375.
\classnum@=\count142
\DOTSCASE@=\count143
LaTeX Info: Redefining \ldots on input line 472.
LaTeX Info: Redefining \dots on input line 475.
LaTeX Info: Redefining \cdots on input line 596.
\Mathstrutbox@=\box54
\strutbox@=\box55
\big@size=\dimen185
LaTeX Font Info:    Redeclaring font encoding OML on input line 712.
LaTeX Font Info:    Redeclaring font encoding OMS on input line 713.
\macc@depth=\count144
\c@MaxMatrixCols=\count145
\dotsspace@=\muskip17
\c@parentequation=\count146
\dspbrk@lvl=\count147
\tag@help=\toks21
\row@=\count148
\column@=\count149
\maxfields@=\count150
\andhelp@=\toks22
\eqnshift@=\dimen186
\alignsep@=\dimen187
\tagshift@=\dimen188
\tagwidth@=\dimen189
\totwidth@=\dimen190
\lineht@=\dimen191
\@envbody=\toks23
\multlinegap=\skip61
\multlinetaggap=\skip62
\mathdisplay@stack=\toks24
LaTeX Info: Redefining \[ on input line 2817.
LaTeX Info: Redefining \] on input line 2818.
) (/usr/local/texlive/2016/texmf-dist/tex/latex/amsfonts/amsfonts.sty
Package: amsfonts 2013/01/14 v3.01 Basic AMSFonts support
\symAMSa=\mathgroup4
\symAMSb=\mathgroup5
LaTeX Font Info:    Overwriting math alphabet `\mathfrak' in version `bold'
(Font)                  U/euf/m/n --> U/euf/b/n on input line 106.
) (/usr/local/texlive/2016/texmf-dist/tex/latex/amsfonts/amssymb.sty
Package: amssymb 2013/01/14 v3.01 AMS font symbols
) (/usr/local/texlive/2016/texmf-dist/tex/latex/tools/bm.sty
Package: bm 2017/01/16 v1.2c Bold Symbol Support (DPC/FMi)
\symboldoperators=\mathgroup6
\symboldletters=\mathgroup7
\symboldsymbols=\mathgroup8
LaTeX Font Info:    Redeclaring math alphabet \mathbf on input line 141.
LaTeX Info: Redefining \bm on input line 207.
) (/usr/local/texlive/2016/texmf-dist/tex/latex/xcolor/xcolor.sty
Package: xcolor 2016/05/11 v2.12 LaTeX color extensions (UK)
 (/usr/local/texlive/2016/texmf-dist/tex/latex/graphics-cfg/color.cfg
File: color.cfg 2016/01/02 v1.6 sample color configuration
)
Package xcolor Info: Driver file: xetex.def on input line 225.
Package xcolor Info: Model `cmy' substituted by `cmy0' on input line 1348.
Package xcolor Info: Model `RGB' extended on input line 1364.
Package xcolor Info: Model `HTML' substituted by `rgb' on input line 1366.
Package xcolor Info: Model `Hsb' substituted by `hsb' on input line 1367.
Package xcolor Info: Model `tHsb' substituted by `hsb' on input line 1368.
Package xcolor Info: Model `HSB' substituted by `hsb' on input line 1369.
Package xcolor Info: Model `Gray' substituted by `gray' on input line 1370.
Package xcolor Info: Model `wave' substituted by `hsb' on input line 1371.
) (/usr/local/texlive/2016/texmf-dist/tex/latex/tools/array.sty
Package: array 2016/10/06 v2.4d Tabular extension package (FMi)
\col@sep=\dimen192
\extrarowheight=\dimen193
\NC@list=\toks25
\extratabsurround=\skip63
\backup@length=\skip64
) (/usr/local/texlive/2016/texmf-dist/tex/latex/tools/longtable.sty
Package: longtable 2014/10/28 v4.11 Multi-page Table package (DPC)
\LTleft=\skip65
\LTright=\skip66
\LTpre=\skip67
\LTpost=\skip68
\LTchunksize=\count151
\LTcapwidth=\dimen194
\LT@head=\box56
\LT@firsthead=\box57
\LT@foot=\box58
\LT@lastfoot=\box59
\LT@cols=\count152
\LT@rows=\count153
\c@LT@tables=\count154
\c@LT@chunks=\count155
\LT@p@ftn=\toks26
) (/usr/local/texlive/2016/texmf-dist/tex/latex/booktabs/booktabs.sty
Package: booktabs 2016/04/27 v1.618033 publication quality tables
\heavyrulewidth=\dimen195
\lightrulewidth=\dimen196
\cmidrulewidth=\dimen197
\belowrulesep=\dimen198
\belowbottomsep=\dimen199
\aboverulesep=\dimen256
\abovetopsep=\dimen257
\cmidrulesep=\dimen258
\cmidrulekern=\dimen259
\defaultaddspace=\dimen260
\@cmidla=\count156
\@cmidlb=\count157
\@aboverulesep=\dimen261
\@belowrulesep=\dimen262
\@thisruleclass=\count158
\@lastruleclass=\count159
\@thisrulewidth=\dimen263
) (/usr/local/texlive/2016/texmf-dist/tex/latex/multirow/multirow.sty
Package: multirow 2016/11/25 v2.2 Span multiple rows of a table
\multirow@colwidth=\skip69
\multirow@cntb=\count160
\multirow@dima=\skip70
\bigstrutjot=\dimen264
) (/usr/local/texlive/2016/texmf-dist/tex/latex/multirow/bigstrut.sty
Package: bigstrut 2016/11/25 v2.2 Provide larger struts in tabulars
) (/usr/local/texlive/2016/texmf-dist/tex/latex/multirow/bigdelim.sty
Package: bigdelim 2016/11/25 v2.2 Create big delimiters in tabular or array
) (/usr/local/texlive/2016/texmf-dist/tex/latex/cprotect/cprotect.sty
Package: cprotect 2011/01/27 v1.0e (Bruno Le Floch)
 (/usr/local/texlive/2016/texmf-dist/tex/latex/base/ifthen.sty
Package: ifthen 2014/09/29 v1.1c Standard LaTeX ifthen package (DPC)
) (/usr/local/texlive/2016/texmf-dist/tex/latex/bigfoot/suffix.sty
Package: suffix 2006/07/15 1.5a Variant command support
)
\CPT@WriteOut=\write3
\c@CPT@WriteCount=\count161
\c@CPT@numB=\count162
\CPT@commandatend@toks=\toks27
) (/usr/local/texlive/2016/texmf-dist/tex/latex/listings/listings.sty
\lst@mode=\count163
\lst@gtempboxa=\box60
\lst@token=\toks28
\lst@length=\count164
\lst@currlwidth=\dimen265
\lst@column=\count165
\lst@pos=\count166
\lst@lostspace=\dimen266
\lst@width=\dimen267
\lst@newlines=\count167
\lst@lineno=\count168
\lst@maxwidth=\dimen268
 (/usr/local/texlive/2016/texmf-dist/tex/latex/listings/lstmisc.sty
File: lstmisc.sty 2015/06/04 1.6 (Carsten Heinz)
\c@lstnumber=\count169
\lst@skipnumbers=\count170
\lst@framebox=\box61
) (/usr/local/texlive/2016/texmf-dist/tex/latex/listings/listings.cfg
File: listings.cfg 2015/06/04 1.6 listings configuration
))
Package: listings 2015/06/04 1.6 (Carsten Heinz)
 (/usr/local/texlive/2016/texmf-dist/tex/latex/caption/caption.sty
Package: caption 2016/02/21 v3.3-144 Customizing captions (AR)
 (/usr/local/texlive/2016/texmf-dist/tex/latex/caption/caption3.sty
Package: caption3 2016/05/22 v1.7-166 caption3 kernel (AR)
Package caption3 Info: TeX engine: e-TeX on input line 67.
\captionmargin=\dimen269
\captionmargin@=\dimen270
\captionwidth=\dimen271
\caption@tempdima=\dimen272
\caption@indent=\dimen273
\caption@parindent=\dimen274
\caption@hangindent=\dimen275
)
\c@ContinuedFloat=\count171
Package caption Info: listings package is loaded.
Package caption Info: longtable package is loaded.
 (/usr/local/texlive/2016/texmf-dist/tex/latex/caption/ltcaption.sty
Package: ltcaption 2013/06/09 v1.4-94 longtable captions (AR)
)) (/usr/local/texlive/2016/texmf-dist/tex/latex/enumitem/enumitem.sty
Package: enumitem 2011/09/28 v3.5.2 Customized lists
\labelindent=\skip71
\enit@outerparindent=\dimen276
\enit@toks=\toks29
\enit@inbox=\box62
\enitdp@description=\count172
) (/usr/local/texlive/2016/texmf-dist/tex/latex/tools/calc.sty
Package: calc 2014/10/28 v4.3 Infix arithmetic (KKT,FJ)
\calc@Acount=\count173
\calc@Bcount=\count174
\calc@Adimen=\dimen277
\calc@Bdimen=\dimen278
\calc@Askip=\skip72
\calc@Bskip=\skip73
LaTeX Info: Redefining \setlength on input line 80.
LaTeX Info: Redefining \addtolength on input line 81.
\calc@Ccount=\count175
\calc@Cskip=\skip74
) (/usr/local/texlive/2016/texmf-dist/tex/latex/hyperref/hyperref.sty
Package: hyperref 2016/06/24 v6.83q Hypertext links for LaTeX
 (/usr/local/texlive/2016/texmf-dist/tex/generic/oberdiek/hobsub-hyperref.sty
Package: hobsub-hyperref 2016/05/16 v1.14 Bundle oberdiek, subset hyperref (HO)
 (/usr/local/texlive/2016/texmf-dist/tex/generic/oberdiek/hobsub-generic.sty
Package: hobsub-generic 2016/05/16 v1.14 Bundle oberdiek, subset generic (HO)
Package: hobsub 2016/05/16 v1.14 Construct package bundles (HO)
Package: infwarerr 2016/05/16 v1.4 Providing info/warning/error messages (HO)
Package: ltxcmds 2016/05/16 v1.23 LaTeX kernel commands for general use (HO)
Package: ifluatex 2016/05/16 v1.4 Provides the ifluatex switch (HO)
Package ifluatex Info: LuaTeX not detected.
Package hobsub Info: Skipping package `ifvtex' (already loaded).
Package: intcalc 2016/05/16 v1.2 Expandable calculations with integers (HO)
Package hobsub Info: Skipping package `ifpdf' (already loaded).
Package: etexcmds 2016/05/16 v1.6 Avoid name clashes with e-TeX commands (HO)
Package etexcmds Info: Could not find \expanded.
(etexcmds)             That can mean that you are not using pdfTeX 1.50 or
(etexcmds)             that some package has redefined \expanded.
(etexcmds)             In the latter case, load this package earlier.
Package: kvsetkeys 2016/05/16 v1.17 Key value parser (HO)
Package: kvdefinekeys 2016/05/16 v1.4 Define keys (HO)
Package: pdftexcmds 2016/05/21 v0.22 Utility functions of pdfTeX for LuaTeX (HO)
Package pdftexcmds Info: LuaTeX not detected.
Package pdftexcmds Info: pdfTeX >= 1.30 not detected.
Package pdftexcmds Info: \pdf@primitive is available.
Package pdftexcmds Info: \pdf@ifprimitive is available.
Package pdftexcmds Info: \pdfdraftmode not found.
Package: pdfescape 2016/05/16 v1.14 Implements pdfTeX's escape features (HO)
Package: bigintcalc 2016/05/16 v1.4 Expandable calculations on big integers (HO)
Package: bitset 2016/05/16 v1.2 Handle bit-vector datatype (HO)
Package: uniquecounter 2016/05/16 v1.3 Provide unlimited unique counter (HO)
)
Package hobsub Info: Skipping package `hobsub' (already loaded).
Package: letltxmacro 2016/05/16 v1.5 Let assignment for LaTeX macros (HO)
Package: hopatch 2016/05/16 v1.3 Wrapper for package hooks (HO)
Package: xcolor-patch 2016/05/16 xcolor patch
Package: atveryend 2016/05/16 v1.9 Hooks at the very end of document (HO)
Package atveryend Info: \enddocument detected (standard20110627).
Package: atbegshi 2016/06/09 v1.18 At begin shipout hook (HO)
Package: refcount 2016/05/16 v3.5 Data extraction from label references (HO)
Package: hycolor 2016/05/16 v1.8 Color options for hyperref/bookmark (HO)
) (/usr/local/texlive/2016/texmf-dist/tex/latex/oberdiek/auxhook.sty
Package: auxhook 2016/05/16 v1.4 Hooks for auxiliary files (HO)
)
(/usr/local/texlive/2016/texmf-dist/tex/latex/oberdiek/kvoptions.sty
Package: kvoptions 2016/05/16 v3.12 Key value format for package options (HO)
)
\@linkdim=\dimen279
\Hy@linkcounter=\count176
\Hy@pagecounter=\count177
 (/usr/local/texlive/2016/texmf-dist/tex/latex/hyperref/pd1enc.def
File: pd1enc.def 2016/06/24 v6.83q Hyperref: PDFDocEncoding definition (HO)
)
\Hy@SavedSpaceFactor=\count178
 (/usr/local/texlive/2016/texmf-dist/tex/latex/latexconfig/hyperref.cfg
File: hyperref.cfg 2002/06/06 v1.2 hyperref configuration of TeXLive
)
Package hyperref Info: Option `unicode' set `true' on input line 4362.
 (/usr/local/texlive/2016/texmf-dist/tex/latex/hyperref/puenc.def
File: puenc.def 2016/06/24 v6.83q Hyperref: PDF Unicode definition (HO)
)
Package hyperref Info: Hyper figures OFF on input line 4486.
Package hyperref Info: Link nesting OFF on input line 4491.
Package hyperref Info: Hyper index ON on input line 4494.
Package hyperref Info: Plain pages OFF on input line 4501.
Package hyperref Info: Backreferencing OFF on input line 4506.
Package hyperref Info: Implicit mode ON; LaTeX internals redefined.
Package hyperref Info: Bookmarks ON on input line 4735.
\c@Hy@tempcnt=\count179
 (/usr/local/texlive/2016/texmf-dist/tex/latex/url/url.sty
\Urlmuskip=\muskip18
Package: url 2013/09/16  ver 3.4  Verb mode for urls, etc.
)
LaTeX Info: Redefining \url on input line 5088.
\XeTeXLinkMargin=\dimen280
\Fld@menulength=\count180
\Field@Width=\dimen281
\Fld@charsize=\dimen282
Package hyperref Info: Hyper figures OFF on input line 6342.
Package hyperref Info: Link nesting OFF on input line 6347.
Package hyperref Info: Hyper index ON on input line 6350.
Package hyperref Info: backreferencing OFF on input line 6357.
Package hyperref Info: Link coloring OFF on input line 6362.
Package hyperref Info: Link coloring with OCG OFF on input line 6367.
Package hyperref Info: PDF/A mode OFF on input line 6372.
LaTeX Info: Redefining \ref on input line 6412.
LaTeX Info: Redefining \pageref on input line 6416.
\Hy@abspage=\count181
\c@Item=\count182
\c@Hfootnote=\count183
)

Package hyperref Message: Driver (autodetected): hxetex.

(/usr/local/texlive/2016/texmf-dist/tex/latex/hyperref/hxetex.def
File: hxetex.def 2016/06/24 v6.83q Hyperref driver for XeTeX
 (/usr/local/texlive/2016/texmf-dist/tex/generic/oberdiek/stringenc.sty
Package: stringenc 2016/05/16 v1.11 Convert strings between diff. encodings (HO)
)
\pdfm@box=\box63
\c@Hy@AnnotLevel=\count184
\HyField@AnnotCount=\count185
\Fld@listcount=\count186
\c@bookmark@seq@number=\count187
 (/usr/local/texlive/2016/texmf-dist/tex/latex/oberdiek/rerunfilecheck.sty
Package: rerunfilecheck 2016/05/16 v1.8 Rerun checks for auxiliary files (HO)
Package rerunfilecheck Info: Feature \pdfmdfivesum is not available
(rerunfilecheck)             (e.g. pdfTeX or LuaTeX with package `pdftexcmds').
(rerunfilecheck)             Therefore file contents cannot be checked efficiently
(rerunfilecheck)             and the loading of the package is aborted.
)
\Hy@SectionHShift=\skip75
)
\g__fontspec_family_TimesNewRoman_int=\count188
.................................................
. fontspec info: "defining-font"
. 
. Font family 'TimesNewRoman(0)' created for font 'Times New Roman' with
. options [Ligatures=TeX].
.  
.  This font family consists of the following NFSS series/shapes:
.  
. - 'normal' (m/n) with NFSS spec.: <->"Times New
. Roman/OT:script=latn;language=DFLT;mapping=tex-text;"
. - 'small caps'  (m/sc) with NFSS spec.: 
. - 'bold' (bx/n) with NFSS spec.: <->"Times New
. Roman/B/OT:script=latn;language=DFLT;mapping=tex-text;"
. - 'bold small caps'  (bx/sc) with NFSS spec.: 
. - 'italic' (m/it) with NFSS spec.: <->"Times New
. Roman/I/OT:script=latn;language=DFLT;mapping=tex-text;"
. - 'italic small caps'  (m/itsc) with NFSS spec.: 
. - 'bold italic' (bx/it) with NFSS spec.: <->"Times New
. Roman/BI/OT:script=latn;language=DFLT;mapping=tex-text;"
. - 'bold italic small caps'  (bx/itsc) with NFSS spec.: 
.................................................
LaTeX Info: Redefining \rmfamily on input line 97.
\g__fontspec_family_CourierNew_int=\count189
.................................................
. fontspec info: "defining-font"
. 
. Font family 'CourierNew(0)' created for font 'Courier New' with options
. [WordSpace={1,0,0},PunctuationSpace=WordSpace].
.  
.  This font family consists of the following NFSS series/shapes:
.  
. - 'normal' (m/n) with NFSS spec.: <->"Courier
. New/OT:script=latn;language=DFLT;"
. - 'small caps'  (m/sc) with NFSS spec.: 
. and font adjustment code:
. \fontdimen 2\font =1\fontdimen 2\font \fontdimen 3\font =0\fontdimen 3\font
. \fontdimen 4\font =0\fontdimen 4\font \fontdimen 7\font =0\fontdimen 2\font 
. - 'bold' (bx/n) with NFSS spec.: <->"Courier
. New/B/OT:script=latn;language=DFLT;"
. - 'bold small caps'  (bx/sc) with NFSS spec.: 
. and font adjustment code:
. \fontdimen 2\font =1\fontdimen 2\font \fontdimen 3\font =0\fontdimen 3\font
. \fontdimen 4\font =0\fontdimen 4\font \fontdimen 7\font =0\fontdimen 2\font 
. - 'italic' (m/it) with NFSS spec.: <->"Courier
. New/I/OT:script=latn;language=DFLT;"
. - 'italic small caps'  (m/itsc) with NFSS spec.: 
. and font adjustment code:
. \fontdimen 2\font =1\fontdimen 2\font \fontdimen 3\font =0\fontdimen 3\font
. \fontdimen 4\font =0\fontdimen 4\font \fontdimen 7\font =0\fontdimen 2\font 
. - 'bold italic' (bx/it) with NFSS spec.: <->"Courier
. New/BI/OT:script=latn;language=DFLT;"
. - 'bold italic small caps'  (bx/itsc) with NFSS spec.: 
. and font adjustment code:
. \fontdimen 2\font =1\fontdimen 2\font \fontdimen 3\font =0\fontdimen 3\font
. \fontdimen 4\font =0\fontdimen 4\font \fontdimen 7\font =0\fontdimen 2\font 
.................................................
LaTeX Info: Redefining \ttfamily on input line 98.
\g__fontspec_family_Arial_int=\count190
.................................................
. fontspec info: "defining-font"
. 
. Font family 'Arial(0)' created for font 'Arial' with options
. [Ligatures=TeX].
.  
.  This font family consists of the following NFSS series/shapes:
.  
. - 'normal' (m/n) with NFSS spec.:
. <->"Arial/OT:script=latn;language=DFLT;mapping=tex-text;"
. - 'small caps'  (m/sc) with NFSS spec.: 
. - 'bold' (bx/n) with NFSS spec.:
. <->"Arial/B/OT:script=latn;language=DFLT;mapping=tex-text;"
. - 'bold small caps'  (bx/sc) with NFSS spec.: 
. - 'italic' (m/it) with NFSS spec.:
. <->"Arial/I/OT:script=latn;language=DFLT;mapping=tex-text;"
. - 'italic small caps'  (m/itsc) with NFSS spec.: 
. - 'bold italic' (bx/it) with NFSS spec.:
. <->"Arial/BI/OT:script=latn;language=DFLT;mapping=tex-text;"
. - 'bold italic small caps'  (bx/itsc) with NFSS spec.: 
.................................................
LaTeX Info: Redefining \sffamily on input line 99.
\c@definition=\count191
\c@theorem=\count192
\c@lemma=\count193
\c@corollary=\count194
\c@assumption=\count195
\c@conjecture=\count196
\c@axiom=\count197
\c@principle=\count198
\c@problem=\count199
\c@example=\count266
\c@proof=\count267
\c@solution=\count268
) (/usr/local/texlive/2016/texmf-dist/tex/xelatex/xecjk/xeCJK-listings.sty
Package: xeCJK-listings 2017/01/02 v3.4.5 xeCJK patch file for listings
\l__xeCJK_listings_max_char_int=\count269
\l__xeCJK_listings_flag_int=\count270
) (/Users/tinoryj/Desktop/CUMCMThesisV2/.texpadtmp/example.aux)
\openout1 = `example.aux'.

LaTeX Font Info:    Checking defaults for OML/cmm/m/it on input line 17.
LaTeX Font Info:    ... okay on input line 17.
LaTeX Font Info:    Checking defaults for T1/cmr/m/n on input line 17.
LaTeX Font Info:    ... okay on input line 17.
LaTeX Font Info:    Checking defaults for OT1/cmr/m/n on input line 17.
LaTeX Font Info:    ... okay on input line 17.
LaTeX Font Info:    Checking defaults for OMS/cmsy/m/n on input line 17.
LaTeX Font Info:    ... okay on input line 17.
LaTeX Font Info:    Checking defaults for TU/lmr/m/n on input line 17.
LaTeX Font Info:    ... okay on input line 17.
LaTeX Font Info:    Checking defaults for OMX/cmex/m/n on input line 17.
LaTeX Font Info:    ... okay on input line 17.
LaTeX Font Info:    Checking defaults for U/cmr/m/n on input line 17.
LaTeX Font Info:    ... okay on input line 17.
LaTeX Font Info:    Checking defaults for TS1/cmr/m/n on input line 17.
LaTeX Font Info:    ... okay on input line 17.
LaTeX Font Info:    Checking defaults for T3/cmr/m/n on input line 17.
LaTeX Font Info:    Try loading font information for T3+cmr on input line 17.
 (/usr/local/texlive/2016/texmf-dist/tex/latex/tipa/t3cmr.fd
File: t3cmr.fd 2001/12/31 TIPA font definitions
)
LaTeX Font Info:    ... okay on input line 17.
LaTeX Font Info:    Checking defaults for PD1/pdf/m/n on input line 17.
LaTeX Font Info:    ... okay on input line 17.
LaTeX Font Info:    Checking defaults for PU/pdf/m/n on input line 17.
LaTeX Font Info:    ... okay on input line 17.
 ABD: EverySelectfont initializing macros
LaTeX Info: Redefining \selectfont on input line 17.
.................................................
. fontspec info: "setup-math"
. 
. Adjusting the maths setup (use [no-math] to avoid this).
.................................................
\symlegacymaths=\mathgroup9
LaTeX Font Info:    Overwriting symbol font `legacymaths' in version `bold'
(Font)                  OT1/cmr/m/n --> OT1/cmr/bx/n on input line 17.
LaTeX Font Info:    Redeclaring math accent \acute on input line 17.
LaTeX Font Info:    Redeclaring math accent \grave on input line 17.
LaTeX Font Info:    Redeclaring math accent \ddot on input line 17.
LaTeX Font Info:    Redeclaring math accent \tilde on input line 17.
LaTeX Font Info:    Redeclaring math accent \bar on input line 17.
LaTeX Font Info:    Redeclaring math accent \breve on input line 17.
LaTeX Font Info:    Redeclaring math accent \check on input line 17.
LaTeX Font Info:    Redeclaring math accent \hat on input line 17.
LaTeX Font Info:    Redeclaring math accent \dot on input line 17.
LaTeX Font Info:    Redeclaring math accent \mathring on input line 17.
LaTeX Font Info:    Redeclaring math symbol \Gamma on input line 17.
LaTeX Font Info:    Redeclaring math symbol \Delta on input line 17.
LaTeX Font Info:    Redeclaring math symbol \Theta on input line 17.
LaTeX Font Info:    Redeclaring math symbol \Lambda on input line 17.
LaTeX Font Info:    Redeclaring math symbol \Xi on input line 17.
LaTeX Font Info:    Redeclaring math symbol \Pi on input line 17.
LaTeX Font Info:    Redeclaring math symbol \Sigma on input line 17.
LaTeX Font Info:    Redeclaring math symbol \Upsilon on input line 17.
LaTeX Font Info:    Redeclaring math symbol \Phi on input line 17.
LaTeX Font Info:    Redeclaring math symbol \Psi on input line 17.
LaTeX Font Info:    Redeclaring math symbol \Omega on input line 17.
LaTeX Font Info:    Redeclaring math symbol \mathdollar on input line 17.
LaTeX Font Info:    Redeclaring symbol font `operators' on input line 17.
LaTeX Font Info:    Encoding `OT1' has changed to `TU' for symbol font
(Font)              `operators' in the math version `normal' on input line 17.
LaTeX Font Info:    Overwriting symbol font `operators' in version `normal'
(Font)                  OT1/cmr/m/n --> TU/TimesNewRoman(0)/m/n on input line 17.
LaTeX Font Info:    Encoding `OT1' has changed to `TU' for symbol font
(Font)              `operators' in the math version `bold' on input line 17.
LaTeX Font Info:    Overwriting symbol font `operators' in version `bold'
(Font)                  OT1/cmr/bx/n --> TU/TimesNewRoman(0)/m/n on input line 17.
LaTeX Font Info:    Overwriting symbol font `operators' in version `normal'
(Font)                  TU/TimesNewRoman(0)/m/n --> TU/TimesNewRoman(0)/m/n on input line 17.
LaTeX Font Info:    Overwriting math alphabet `\mathit' in version `normal'
(Font)                  OT1/cmr/m/it --> TU/TimesNewRoman(0)/m/it on input line 17.
LaTeX Font Info:    Overwriting math alphabet `\mathbf' in version `normal'
(Font)                  OT1/cmr/bx/n --> TU/TimesNewRoman(0)/bx/n on input line 17.
LaTeX Font Info:    Overwriting math alphabet `\mathsf' in version `normal'
(Font)                  OT1/cmss/m/n --> TU/Arial(0)/m/n on input line 17.
LaTeX Font Info:    Overwriting math alphabet `\mathtt' in version `normal'
(Font)                  OT1/cmtt/m/n --> TU/CourierNew(0)/m/n on input line 17.
LaTeX Font Info:    Overwriting symbol font `operators' in version `bold'
(Font)                  TU/TimesNewRoman(0)/m/n --> TU/TimesNewRoman(0)/bx/n on input line 17.
LaTeX Font Info:    Overwriting math alphabet `\mathit' in version `bold'
(Font)                  OT1/cmr/bx/it --> TU/TimesNewRoman(0)/bx/it on input line 17.
LaTeX Font Info:    Overwriting math alphabet `\mathsf' in version `bold'
(Font)                  OT1/cmss/bx/n --> TU/Arial(0)/bx/n on input line 17.
LaTeX Font Info:    Overwriting math alphabet `\mathtt' in version `bold'
(Font)                  OT1/cmtt/m/n --> TU/CourierNew(0)/bx/n on input line 17.

*geometry* driver: auto-detecting
*geometry* detected driver: xetex
*geometry* verbose mode - [ preamble ] result:
* driver: xetex
* paper: <default>
* layout: <same size as paper>
* layoutoffset:(h,v)=(0.0pt,0.0pt)
* modes: 
* h-part:(L,W,R)=(71.13188pt, 455.24411pt, 71.13188pt)
* v-part:(T,H,B)=(71.13188pt, 717.00946pt, 56.9055pt)
* \paperwidth=597.50787pt
* \paperheight=845.04684pt
* \textwidth=455.24411pt
* \textheight=717.00946pt
* \oddsidemargin=-1.1381pt
* \evensidemargin=-1.1381pt
* \topmargin=-38.1381pt
* \headheight=12.0pt
* \headsep=25.0pt
* \topskip=12.0pt
* \footskip=30.0pt
* \marginparwidth=35.0pt
* \marginparsep=10.0pt
* \columnsep=10.0pt
* \skip\footins=10.8pt plus 4.0pt minus 2.0pt
* \hoffset=0.0pt
* \voffset=0.0pt
* \mag=1000
* \@twocolumnfalse
* \@twosidefalse
* \@mparswitchfalse
* \@reversemarginfalse
* (1in=72.27pt=25.4mm, 1cm=28.453pt)

\c@lstlisting=\count271
Package caption Info: Begin \AtBeginDocument code.
Package caption Info: hyperref package is loaded.
Package caption Info: End \AtBeginDocument code.
\AtBeginShipoutBox=\box64
Package hyperref Info: Link coloring OFF on input line 17.
(/usr/local/texlive/2016/texmf-dist/tex/latex/hyperref/nameref.sty
Package: nameref 2016/05/21 v2.44 Cross-referencing by name of section
 (/usr/local/texlive/2016/texmf-dist/tex/generic/oberdiek/gettitlestring.sty
Package: gettitlestring 2016/05/16 v1.5 Cleanup title references (HO)
)
\c@section@level=\count272
)
LaTeX Info: Redefining \ref on input line 17.
LaTeX Info: Redefining \pageref on input line 17.
LaTeX Info: Redefining \nameref on input line 17.
 (/Users/tinoryj/Desktop/CUMCMThesisV2/.texpadtmp/example.out) (/Users/tinoryj/Desktop/CUMCMThesisV2/.texpadtmp/example.out)
\@outlinefile=\write4
\openout4 = `example.out'.



Package hyperref Warning: Option `hyperfootnotes' has already been used,
(hyperref)                setting the option has no effect on input line 17.


Package hyperref Warning: Option `hyperindex' has already been used,
(hyperref)                setting the option has no effect on input line 17.


Package hyperref Warning: Option `colorlinks' has already been used,
(hyperref)                setting the option has no effect on input line 17.

Package hyperref Info: Option `bookmarksnumbered' set `true' on input line 17.
Package hyperref Info: Option `bookmarksopen' set `true' on input line 17.
Package hyperref Info: Option `breaklinks' set `true' on input line 17.
*************************************************
* fontspec warning: "script-not-exist-latn"
* 
* Font 'STHeiti' does not contain script 'CJK'.
*  'Latin' script used instead.
*************************************************
\g__fontspec_family_STHeiti_int=\count273
.................................................
. fontspec info: "no-font-shape"
. 
. Could not resolve font "STHeiti/BI" (it probably doesn't exist).
.................................................
.................................................
. fontspec info: "no-font-shape"
. 
. Could not resolve font "STHeiti/B" (it probably doesn't exist).
.................................................
.................................................
. fontspec info: "no-font-shape"
. 
. Could not resolve font "STHeiti/I" (it probably doesn't exist).
.................................................
.................................................
. fontspec info: "defining-font"
. 
. Font family 'STHeiti(0)' created for font 'STHeiti' with options
. [Script={CJK}].
.  
.  This font family consists of the following NFSS series/shapes:
.  
. - 'normal' (m/n) with NFSS spec.: <->"STHeiti/OT:script=latn;language=DFLT;"
. - 'small caps'  (m/sc) with NFSS spec.: 
.................................................

LaTeX Font Warning: Font shape `TU/STHeiti(0)/bx/n' undefined
(Font)              using `TU/STHeiti(0)/m/n' instead on input line 18.

*************************************************
* fontspec warning: "script-not-exist"
* 
* Font 'STSong' does not contain script 'CJK'.
*************************************************
.................................................
. fontspec info: "no-font-shape"
. 
. Could not resolve font "STSong/BI" (it probably doesn't exist).
.................................................
.................................................
. fontspec info: "no-font-shape"
. 
. Could not resolve font "STSong/B" (it probably doesn't exist).
.................................................
.................................................
. fontspec info: "no-font-shape"
. 
. Could not resolve font "STSong/I" (it probably doesn't exist).
.................................................
.................................................
. fontspec info: "defining-font"
. 
. Font family 'STSong(1)' created for font 'STSong' with options
. [Script={CJK}].
.  
.  This font family consists of the following NFSS series/shapes:
.  
. - 'normal' (m/n) with NFSS spec.: <->"STSong/OT"
. - 'small caps'  (m/sc) with NFSS spec.: 
.................................................

LaTeX Font Warning: Font shape `TU/STSong(1)/bx/n' undefined
(Font)              using `TU/STSong(1)/m/n' instead on input line 18.

\mcm@lenB=\skip76
\mcm@lenA=\skip77
*************************************************
* fontspec warning: "script-not-exist"
* 
* Font 'STKaiti' does not contain script 'CJK'.
*************************************************
\g__fontspec_family_STKaiti_int=\count274
.................................................
. fontspec info: "no-font-shape"
. 
. Could not resolve font "STKaiti/BI" (it probably doesn't exist).
.................................................
.................................................
. fontspec info: "no-font-shape"
. 
. Could not resolve font "STKaiti/B" (it probably doesn't exist).
.................................................
.................................................
. fontspec info: "no-font-shape"
. 
. Could not resolve font "STKaiti/I" (it probably doesn't exist).
.................................................
.................................................
. fontspec info: "defining-font"
. 
. Font family 'STKaiti(0)' created for font 'STKaiti' with options
. [Script={CJK}].
.  
.  This font family consists of the following NFSS series/shapes:
.  
. - 'normal' (m/n) with NFSS spec.: <->"STKaiti/OT"
. - 'small caps'  (m/sc) with NFSS spec.: 
.................................................

LaTeX Font Warning: Font shape `TU/STKaiti(0)/bx/n' undefined
(Font)              using `TU/STKaiti(0)/m/n' instead on input line 18.

[1

]
\mcm@lenC=\skip78
\mcm@lenD=\skip79
\mcm@lenF=\skip80
LaTeX Font Info:    Try loading font information for U+msa on input line 18.
 (/usr/local/texlive/2016/texmf-dist/tex/latex/amsfonts/umsa.fd
File: umsa.fd 2013/01/14 v3.01 AMS symbols A
)
LaTeX Font Info:    Try loading font information for U+msb on input line 18.
 (/usr/local/texlive/2016/texmf-dist/tex/latex/amsfonts/umsb.fd
File: umsb.fd 2013/01/14 v3.01 AMS symbols B
) [2] [1]

Package hyperref Warning: Token not allowed in a PDF string (Unicode):
(hyperref)                \kern -12.05pt
(hyperref)                removed on input line 34.


Package hyperref Warning: Token not allowed in a PDF string (Unicode):
(hyperref)                \kern 2.00876pt
(hyperref)                removed on input line 35.


Package hyperref Warning: Token not allowed in a PDF string (Unicode):
(hyperref)                \kern 2.00876pt
(hyperref)                removed on input line 35.


Package hyperref Warning: Token not allowed in a PDF string (Unicode):
(hyperref)                \kern 2.00876pt
(hyperref)                removed on input line 37.


Package hyperref Warning: Token not allowed in a PDF string (Unicode):
(hyperref)                \kern 2.00876pt
(hyperref)                removed on input line 37.

LaTeX Font Info:    Calculating math sizes for size <12.05> on input line 40.

Package hyperref Warning: Token not allowed in a PDF string (Unicode):
(hyperref)                \kern -12.05pt
(hyperref)                removed on input line 46.


Package hyperref Warning: Token not allowed in a PDF string (Unicode):
(hyperref)                \kern -12.05pt
(hyperref)                removed on input line 53.


Overfull \hbox (2.57281pt too wide) in paragraph at lines 54--66
[][] 
 []

[2]

Package hyperref Warning: Token not allowed in a PDF string (Unicode):
(hyperref)                \kern -12.05pt
(hyperref)                removed on input line 66.


Package hyperref Warning: Token not allowed in a PDF string (Unicode):
(hyperref)                \kern 2.00876pt
(hyperref)                removed on input line 67.


Package hyperref Warning: Token not allowed in a PDF string (Unicode):
(hyperref)                \kern 2.00876pt
(hyperref)                removed on input line 67.


Package hyperref Warning: Token not allowed in a PDF string (Unicode):
(hyperref)                \kern 2.00876pt
(hyperref)                removed on input line 69.


Package hyperref Warning: Token not allowed in a PDF string (Unicode):
(hyperref)                \kern 2.00876pt
(hyperref)                removed on input line 69.


Package hyperref Warning: Token not allowed in a PDF string (Unicode):
(hyperref)                \kern 2.00876pt
(hyperref)                removed on input line 71.


Package hyperref Warning: Token not allowed in a PDF string (Unicode):
(hyperref)                \kern 2.00876pt
(hyperref)                removed on input line 71.

[3]
File: figures/1.png Graphic file (type QTm)
 <use  "figures/1.png" >

Package hyperref Warning: Token not allowed in a PDF string (Unicode):
(hyperref)                \kern -12.05pt
(hyperref)                removed on input line 80.

Package atveryend Info: Empty hook `BeforeClearDocument' on input line 88.
[4]
Package atveryend Info: Empty hook `AfterLastShipout' on input line 88.
 (/Users/tinoryj/Desktop/CUMCMThesisV2/.texpadtmp/example.aux)
Package atveryend Info: Empty hook `AtVeryEndDocument' on input line 88.
Package atveryend Info: Empty hook `AtEndAfterFileList' on input line 88.


LaTeX Font Warning: Some font shapes were not available, defaults substituted.

Package atveryend Info: Empty hook `AtVeryVeryEnd' on input line 88.
 ) 
Here is how much of TeX's memory you used:
 30014 strings out of 493080
 572000 string characters out of 6135780
 606014 words of memory out of 5000000
 33543 multiletter control sequences out of 15000+600000
 19343 words of font info for 122 fonts, out of 8000000 for 9000
 1347 hyphenation exceptions out of 8191
 64i,11n,74p,10439b,545s stack positions out of 5000i,500n,10000p,200000b,80000s

Output written on /Users/tinoryj/Desktop/CUMCMThesisV2/.texpadtmp/example.pdf (6 pages).
