\BOOKMARK [1][-]{section.1}{Introduction}{}% 1
\BOOKMARK [2][-]{subsection.1.1}{Background}{section.1}% 2
\BOOKMARK [2][-]{subsection.1.2}{Our work}{section.1}% 3
\BOOKMARK [1][-]{section.2}{Symbol Description}{}% 4
\BOOKMARK [1][-]{section.3}{Analysis of the Problem}{}% 5
\BOOKMARK [1][-]{section.4}{Key Points of Our Model}{}% 6
\BOOKMARK [2][-]{subsection.4.1}{Assumptions}{section.4}% 7
\BOOKMARK [2][-]{subsection.4.2}{Approach}{section.4}% 8
\BOOKMARK [3][-]{subsubsection.4.2.1}{Multi-factors analysis}{subsection.4.2}% 9
\BOOKMARK [3][-]{subsubsection.4.2.2}{GM\(1,1\) model}{subsection.4.2}% 10
\BOOKMARK [3][-]{subsubsection.4.2.3}{Fitting model}{subsection.4.2}% 11
\BOOKMARK [1][-]{section.5}{Calculating the Model}{}% 12
\BOOKMARK [2][-]{subsection.5.1}{Basic Model}{section.5}% 13
\BOOKMARK [2][-]{subsection.5.2}{Model Application}{section.5}% 14
\BOOKMARK [3][-]{subsubsection.5.2.1}{The Two Algorithms: Fitting and GM\(1,1\)}{subsection.5.2}% 15
\BOOKMARK [3][-]{subsubsection.5.2.2}{Implementation and Comparison between Polynomial Fit and GM\(1,1\)}{subsection.5.2}% 16
\BOOKMARK [3][-]{subsubsection.5.2.3}{the model results and analysis}{subsection.5.2}% 17
\BOOKMARK [1][-]{section.6}{Model Application in Prediction}{}% 18
\BOOKMARK [1][-]{section.7}{Intervention Plan Based on Our Model}{}% 19
\BOOKMARK [1][-]{section.8}{Evaluation of the Intervention Plan}{}% 20
\BOOKMARK [1][-]{section.9}{The Improvement of Our Model}{}% 21
\BOOKMARK [1][-]{section.10}{Strengths and weaknesses}{}% 22
\BOOKMARK [2][-]{subsection.10.1}{Strengths}{section.10}% 23
\BOOKMARK [2][-]{subsection.10.2}{weaknesses}{section.10}% 24
