\BOOKMARK [1][-]{section.1}{\376\377\116\000\060\001\225\356\230\230\221\315\217\360}{}% 1
\BOOKMARK [1][-]{section.2}{\376\377\116\214\060\001\225\356\230\230\122\006\147\220}{}% 2
\BOOKMARK [2][-]{subsection.2.1}{\376\377\0002\000.\0001\000\040\137\161\133\120\225\177\136\246\123\330\123\026\122\006\147\220}{section.2}% 3
\BOOKMARK [2][-]{subsection.2.2}{\376\377\0002\000.\0002\000\040\166\364\147\106\137\161\133\120\133\232\117\115}{section.2}% 4
\BOOKMARK [2][-]{subsection.2.3}{\376\377\0002\000.\0003\000\040\147\052\167\345\145\345\147\037\147\141\116\366\116\013\166\364\147\106\137\161\133\120\133\232\117\115}{section.2}% 5
\BOOKMARK [2][-]{subsection.2.4}{\376\377\0002\000.\0004\000\040\211\306\230\221\142\315\144\104\127\060\160\271\122\006\147\220}{section.2}% 6
\BOOKMARK [1][-]{section.3}{\376\377\116\011\060\001\127\372\147\054\120\107\213\276}{}% 7
\BOOKMARK [1][-]{section.4}{\376\377\126\333\060\001\173\046\123\367\213\364\146\016}{}% 8
\BOOKMARK [1][-]{section.5}{\376\377\116\224\060\001\137\161\133\120\225\177\136\246\123\330\123\026\166\204\122\006\147\220}{}% 9
\BOOKMARK [2][-]{subsection.5.1}{\376\377\0005\000.\0001\000\040\225\356\230\230\122\006\147\220}{section.5}% 10
\BOOKMARK [2][-]{subsection.5.2}{\376\377\0005\000.\0002\000\040\152\041\127\213\136\372\172\313}{section.5}% 11
\BOOKMARK [3][-]{subsubsection.5.2.1}{\376\377\0005\000.\0002\000.\0001\000\040\127\120\150\007\174\373\136\372\172\313}{subsection.5.2}% 12
\BOOKMARK [3][-]{subsubsection.5.2.2}{\376\377\0005\000.\0002\000.\0002\000\040\215\144\176\254\211\322\215\144\176\254\211\322}{subsection.5.2}% 13
\BOOKMARK [3][-]{subsubsection.5.2.3}{\376\377\0005\000.\0002\000.\0003\000\040\145\366\211\322\145\366\211\322}{subsection.5.2}% 14
\BOOKMARK [3][-]{subsubsection.5.2.4}{\376\377\0005\000.\0002\000.\0004\000\040\131\052\226\063\232\330\136\246\211\322\232\330\136\246\211\322}{subsection.5.2}% 15
\BOOKMARK [3][-]{subsubsection.5.2.5}{\376\377\0005\000.\0002\000.\0005\000\040\137\161\225\177\213\241\173\227\152\041\127\213}{subsection.5.2}% 16
\BOOKMARK [2][-]{subsection.5.3}{\376\377\0005\000.\0003\000\040\152\041\127\213\154\102\211\343}{section.5}% 17
\BOOKMARK [3][-]{subsubsection.5.3.1}{\376\377\0005\000.\0003\000.\0001\000\040\166\370\121\163\123\330\221\317\137\161\124\315\122\006\147\220}{subsection.5.3}% 18
\BOOKMARK [3][-]{subsubsection.5.3.2}{\376\377\0005\000.\0003\000.\0002\000\040\166\364\147\106\137\161\133\120\225\177\136\246\123\330\123\026\122\006\147\220}{subsection.5.3}% 19
\BOOKMARK [1][-]{section.6}{\376\377\121\155\060\001\166\364\147\106\137\161\133\120\133\232\117\115}{}% 20
\BOOKMARK [2][-]{subsection.6.1}{\376\377\0006\000.\0001\000\040\152\041\127\213\136\372\172\313}{section.6}% 21
\BOOKMARK [3][-]{subsubsection.6.1.1}{\376\377\0006\000.\0001\000.\0001\000\040\127\372\116\216\133\371\040\034\147\106\166\204\137\161\225\177\040\035\116\214\153\041\142\337\124\010\170\156\133\232\147\106\142\100\127\050\176\317\136\246\166\204\203\003\126\364\166\204\152\041\127\213}{subsection.6.1}% 22
\BOOKMARK [3][-]{subsubsection.6.1.2}{\376\377\0006\000.\0001\000.\0002\000\040\127\372\116\216\040\034\147\000\134\017\116\214\116\130\040\035\166\204\147\000\117\030\123\026\145\271\154\325\154\102\211\343\166\364\147\106\142\100\127\050\166\204\176\254\136\246\166\204\152\041\127\213}{subsection.6.1}% 23
\BOOKMARK [2][-]{subsection.6.2}{\376\377\0006\000.\0002\000\040\152\041\127\213\154\102\211\343}{section.6}% 24
\BOOKMARK [3][-]{subsubsection.6.2.1}{\376\377\0006\000.\0002\000.\0001\000\040\176\317\136\246\203\003\126\364\166\204\170\156\133\232}{subsection.6.2}% 25
\BOOKMARK [3][-]{subsubsection.6.2.2}{\376\377\0006\000.\0002\000.\0002\000\040\176\317\176\254\136\246\154\102\211\343\153\145\232\244\123\312\176\323\147\234}{subsection.6.2}% 26
\BOOKMARK [1][-]{section.7}{\376\377\116\003\060\001\147\052\167\345\145\345\147\037\147\141\116\366\116\013\166\364\147\106\137\161\133\120\133\232\117\115}{}% 27
\BOOKMARK [2][-]{subsection.7.1}{\376\377\0007\000.\0001\000\040\150\071\143\156\137\161\133\120\166\204\230\166\160\271\127\120\150\007\170\156\133\232\166\364\147\106\166\204\123\357\200\375\166\204\117\115\177\156\116\016\211\302\155\113\145\366\225\364\166\204\131\032\166\356\150\007\117\030\123\026\152\041\127\213}{section.7}% 28
\BOOKMARK [3][-]{subsubsection.7.1.1}{\376\377\0007\000.\0001\000.\0001\000\040\136\372\152\041\122\115\121\306\131\007}{subsection.7.1}% 29
\BOOKMARK [3][-]{subsubsection.7.1.2}{\376\377\0007\000.\0001\000.\0002\000\040\131\032\166\356\150\007\166\204\117\030\123\026\152\041\127\213\136\372\172\313}{subsection.7.1}% 30
\BOOKMARK [2][-]{subsection.7.2}{\376\377\0007\000.\0002\000\040\152\041\127\213\154\102\211\343}{section.7}% 31
\BOOKMARK [3][-]{subsubsection.7.2.1}{\376\377\0007\000.\0002\000.\0001\000\040\176\317\136\246\213\241\173\227}{subsection.7.2}% 32
\BOOKMARK [3][-]{subsubsection.7.2.2}{\376\377\0007\000.\0002\000.\0002\000\040\176\254\136\246\213\241\173\227}{subsection.7.2}% 33
\BOOKMARK [3][-]{subsubsection.7.2.3}{\376\377\0007\000.\0002\000.\0003\000\040\147\000\176\310\154\102\211\343\176\323\147\234}{subsection.7.2}% 34
\BOOKMARK [1][-]{section.8}{\376\377\121\153\060\001\211\306\230\221\142\315\144\104\127\060\160\271\122\006\147\220}{}% 35
\BOOKMARK [2][-]{subsection.8.1}{\376\377\0008\000.\0001\000\040\152\041\127\213\136\372\172\313}{section.8}% 36
\BOOKMARK [3][-]{subsubsection.8.1.1}{\376\377\0008\000.\0001\000.\0001\000\040\211\306\230\221\136\047\142\052\123\326\116\016\160\160\136\246\131\004\164\006}{subsection.8.1}% 37
\BOOKMARK [3][-]{subsubsection.8.1.2}{\376\377\0008\000.\0001\000.\0002\000\040\126\376\120\317\116\214\120\074\123\026\131\004\164\006\116\016\177\051\145\076}{subsection.8.1}% 38
\BOOKMARK [2][-]{subsection.8.2}{\376\377\0008\000.\0002\000\040\152\041\127\213\154\102\211\343}{section.8}% 39
\BOOKMARK [3][-]{subsubsection.8.2.1}{\376\377\0008\000.\0002\000.\0001\000\040\135\362\167\345\145\366\225\364}{subsection.8.2}% 40
\BOOKMARK [3][-]{subsubsection.8.2.2}{\376\377\0008\000.\0002\000.\0002\000\040\147\052\167\345\145\366\225\364}{subsection.8.2}% 41
\BOOKMARK [3][-]{subsubsection.8.2.3}{\376\377\0008\000.\0002\000.\0003\000\040\147\000\176\310\154\102\211\343\176\323\147\234}{subsection.8.2}% 42
\BOOKMARK [1][-]{section.9}{\376\377\116\135\060\001\152\041\127\213\117\030\177\072\160\271}{}% 43
\BOOKMARK [2][-]{subsection.9.1}{\376\377\0009\000.\0001\000\040\152\041\127\213\117\030\160\271}{section.9}% 44
\BOOKMARK [2][-]{subsection.9.2}{\376\377\0009\000.\0002\000\040\152\041\127\213\177\072\160\271}{section.9}% 45
\BOOKMARK [1][-]{section.10}{\376\377\123\101\060\001\152\041\127\213\145\071\217\333\145\271\124\021}{}% 46
\BOOKMARK [1][-]{section.11}{\376\377\123\101\116\000\060\001\123\302\200\003\145\207\163\056}{}% 47
