\BOOKMARK [1][-]{section.1}{\376\377\116\000\060\001\225\356\230\230\221\315\217\360}{}% 1
\BOOKMARK [1][-]{section.2}{\376\377\116\214\060\001\225\356\230\230\122\006\147\220}{}% 2
\BOOKMARK [1][-]{section.3}{\376\377\116\011\060\001\127\372\147\054\120\107\213\276}{}% 3
\BOOKMARK [1][-]{section.4}{\376\377\126\333\060\001\152\041\127\213\213\276\213\241\140\035\215\357}{}% 4
\BOOKMARK [2][-]{subsection.4.1}{\376\377\0004\000.\0001\000\040\147\000\131\047\161\265\123\237\164\006}{section.4}% 5
\BOOKMARK [2][-]{subsection.4.2}{\376\377\0004\000.\0002\000\040\147\000\131\047\161\265\232\154\134\024\123\357\131\053\152\041\127\213}{section.4}% 6
\BOOKMARK [3][-]{subsubsection.4.2.1}{\376\377\0004\000.\0002\000.\0001\000\040\133\371\153\324\226\220\232\154\134\024\123\357\131\053\152\041\127\213\000\050\000H\000M\000M\000\051}{subsection.4.2}% 7
\BOOKMARK [3][-]{subsubsection.4.2.2}{\376\377\0004\000.\0002\000.\0002\000\040\147\000\131\047\161\265\232\154\134\024\123\357\131\053\152\041\127\213\000\050\000M\000E\000M\000M\000\051}{subsection.4.2}% 8
\BOOKMARK [3][-]{subsubsection.4.2.3}{\376\377\0004\000.\0002\000.\0003\000\040\140\073\176\323}{subsection.4.2}% 9
\BOOKMARK [1][-]{section.5}{\376\377\116\224\060\001\225\356\230\230\116\000\152\041\127\213\136\372\172\313\116\016\154\102\211\343}{}% 10
\BOOKMARK [2][-]{subsection.5.1}{\376\377\0005\000.\0001\000\040\213\315\230\221\176\337\213\241}{section.5}% 11
\BOOKMARK [2][-]{subsection.5.2}{\376\377\0005\000.\0002\000\040\116\272\135\345\173\133\220\011}{section.5}% 12
\BOOKMARK [2][-]{subsection.5.3}{\376\377\0005\000.\0003\000\040\123\071\221\115\220\011\121\372\137\213\136\010\144\305\225\177\166\204\230\206\127\337}{section.5}% 13
\BOOKMARK [3][-]{subsubsection.5.3.1}{\376\377\0005\000.\0003\000.\0001\000\040\150\007\121\306\136\372\172\313}{subsection.5.3}% 14
\BOOKMARK [3][-]{subsubsection.5.3.2}{\376\377\0005\000.\0003\000.\0002\000\040\173\227\154\325\122\006\147\220}{subsection.5.3}% 15
\BOOKMARK [2][-]{subsection.5.4}{\376\377\0005\000.\0004\000\040\133\371\137\213\136\010\166\204\126\336\131\015\154\064\136\163\217\333\210\114\213\304\116\367}{section.5}% 16
\BOOKMARK [3][-]{subsubsection.5.4.1}{\376\377\0005\000.\0004\000.\0001\000\040\150\007\121\306\136\372\172\313}{subsection.5.4}% 17
\BOOKMARK [3][-]{subsubsection.5.4.2}{\376\377\0005\000.\0004\000.\0002\000\040\173\227\154\325\122\006\147\220}{subsection.5.4}% 18
\BOOKMARK [3][-]{subsubsection.5.4.3}{\376\377\0005\000.\0004\000.\0003\000\040\176\323\147\234\150\300\232\214}{subsection.5.4}% 19
\BOOKMARK [1][-]{section.6}{\376\377\121\155\060\001\225\356\230\230\116\214\152\041\127\213\136\372\172\313\116\016\154\102\211\343}{}% 20
\BOOKMARK [2][-]{subsection.6.1}{\376\377\0006\000.\0001\000\040\121\163\225\056\213\315\143\320\123\326}{section.6}% 21
\BOOKMARK [2][-]{subsection.6.2}{\376\377\0006\000.\0002\000\040\122\006\221\115\137\213\136\010}{section.6}% 22
\BOOKMARK [2][-]{subsection.6.3}{\376\377\0006\000.\0003\000\040\176\323\147\234\150\300\232\214}{section.6}% 23
\BOOKMARK [1][-]{section.7}{\376\377\116\003\060\001\225\356\230\230\116\011\152\041\127\213\136\372\172\313\116\016\154\102\211\343}{}% 24
\BOOKMARK [2][-]{subsection.7.1}{\376\377\0007\000.\0001\000\040\145\271\154\325\116\016\140\035\215\357}{section.7}% 25
\BOOKMARK [2][-]{subsection.7.2}{\376\377\0007\000.\0002\000\040\176\323\147\234\150\300\232\214}{section.7}% 26
\BOOKMARK [1][-]{section.8}{\376\377\121\153\060\001\152\041\127\213\166\204\117\030\177\072\160\271}{}% 27
\BOOKMARK [2][-]{subsection.8.1}{\376\377\0008\000.\0001\000\040\117\030\160\271}{section.8}% 28
\BOOKMARK [2][-]{subsection.8.2}{\376\377\0008\000.\0002\000\040\177\072\160\271}{section.8}% 29
\BOOKMARK [1][-]{section.9}{\376\377\116\135\060\001\152\041\127\213\145\071\217\333\145\271\124\021}{}% 30
\BOOKMARK [1][-]{section.10}{\376\377\123\101\060\001\123\302\200\003\145\207\163\056}{}% 31
\BOOKMARK [1][-]{section.1}{\376\377\226\104\137\125\000A\000\040}{}% 32
