\BOOKMARK [1][-]{section.1}{\376\377\116\000\060\001\225\356\230\230\221\315\217\360}{}% 1
\BOOKMARK [2][-]{subsection.1.1}{\376\377\0001\000.\0001\000\040\137\025\212\000}{section.1}% 2
\BOOKMARK [2][-]{subsection.1.2}{\376\377\0001\000.\0002\000\040\225\356\230\230\166\204\143\320\121\372}{section.1}% 3
\BOOKMARK [1][-]{section.2}{\376\377\116\214\060\001\225\356\230\230\122\006\147\220}{}% 4
\BOOKMARK [2][-]{subsection.2.1}{\376\377\0002\000.\0001\000\040\225\356\230\230\116\000\377\032\116\044\176\304\213\304\221\122\124\130\142\123\122\006\225\356\230\230\166\204\122\006\147\220}{section.2}% 5
\BOOKMARK [2][-]{subsection.2.2}{\376\377\0002\000.\0002\000\040\225\356\230\230\116\214\377\032\133\371\221\177\221\122\204\141\204\004\166\204\122\006\176\247\225\356\230\230}{section.2}% 6
\BOOKMARK [2][-]{subsection.2.3}{\376\377\0002\000.\0003\000\040\225\356\230\230\116\011\377\032\221\177\221\122\204\141\204\004\116\016\204\141\204\004\221\122\166\204\164\006\123\026\143\007\150\007\166\204\200\124\174\373}{section.2}% 7
\BOOKMARK [2][-]{subsection.2.4}{\376\377\0002\000.\0004\000\040\225\356\230\230\126\333\377\032\221\177\221\122\204\141\204\004\124\214\204\141\204\004\221\122\166\204\164\006\123\026\143\007\150\007\133\371\204\141\204\004\221\122\215\050\221\317\166\204\137\161\124\315\122\006\147\220}{section.2}% 8
\BOOKMARK [1][-]{section.3}{\376\377\116\011\060\001\152\041\127\213\166\204\120\107\213\276}{}% 9
\BOOKMARK [1][-]{section.4}{\376\377\126\333\060\001\173\046\123\367\213\364\146\016}{}% 10
\BOOKMARK [1][-]{section.5}{\376\377\116\224\060\001\136\372\152\041\122\115\121\306\131\007}{}% 11
\BOOKMARK [2][-]{subsection.5.1}{\376\377\0005\000.\0001\000\040\145\160\143\156\230\204\131\004\164\006}{section.5}% 12
\BOOKMARK [2][-]{subsection.5.2}{\376\377\0005\000.\0002\000\040\145\160\143\156\137\122\116\000\123\026}{section.5}% 13
\BOOKMARK [1][-]{section.6}{\376\377\121\155\060\001\225\356\230\230\116\000\377\032\116\044\176\304\213\304\221\122\124\130\142\123\122\006\225\356\230\230}{}% 14
\BOOKMARK [2][-]{subsection.6.1}{\376\377\0006\000.\0001\000\040\152\041\127\213\136\372\172\313}{section.6}% 15
\BOOKMARK [2][-]{subsection.6.2}{\376\377\0006\000.\0002\000\040\152\041\127\213\154\102\211\343}{section.6}% 16
\BOOKMARK [3][-]{subsubsection.6.2.1}{\376\377\0006\000.\0002\000.\0001\000\040\213\304\116\367\176\323\147\234\135\356\137\002\140\047}{subsection.6.2}% 17
\BOOKMARK [3][-]{subsubsection.6.2.2}{\376\377\0006\000.\0002\000.\0002\000\040\213\304\116\367\176\323\147\234\123\357\117\341\136\246}{subsection.6.2}% 18
\BOOKMARK [1][-]{section.7}{\376\377\116\003\060\001\225\356\230\230\116\214\377\032\221\177\221\122\204\141\204\004\122\006\176\247\225\356\230\230}{}% 19
\BOOKMARK [2][-]{subsection.7.1}{\376\377\0007\000.\0001\000\040\152\041\127\213\136\372\172\313}{section.7}% 20
\BOOKMARK [3][-]{subsubsection.7.1.1}{\376\377\0007\000.\0001\000.\0001\000\040\116\073\142\020\122\006\122\006\147\220\154\325\116\073\142\020\122\006\122\006\147\220}{subsection.7.1}% 21
\BOOKMARK [3][-]{subsubsection.7.1.2}{\376\377\0007\000.\0001\000.\0002\000\040\000K\000-\000m\000e\000a\000n\000s\200\132\174\173\152\041\127\213\000k\000-\000m\000e\000a\000n\000s}{subsection.7.1}% 22
\BOOKMARK [3][-]{subsubsection.7.1.3}{\376\377\0007\000.\0001\000.\0003\000\040\000F\000i\000s\000h\000e\000r\121\306\122\031\121\375\145\160\000F\000i\000s\000h\000e\000r}{subsection.7.1}% 23
\BOOKMARK [2][-]{subsection.7.2}{\376\377\0007\000.\0002\000\040\152\041\127\213\154\102\211\343}{section.7}% 24
\BOOKMARK [3][-]{subsubsection.7.2.1}{\376\377\0007\000.\0002\000.\0001\000\040\217\333\210\114\116\073\142\020\122\006\122\006\147\220\136\166\170\156\133\232\116\073\142\020\122\006}{subsection.7.2}% 25
\BOOKMARK [3][-]{subsubsection.7.2.2}{\376\377\0007\000.\0002\000.\0002\000\040\116\073\142\020\122\006\217\333\210\114\142\123\122\006\136\166\116\024\137\227\122\060\176\374\124\010\137\227\122\006}{subsection.7.2}% 26
\BOOKMARK [3][-]{subsubsection.7.2.3}{\376\377\0007\000.\0002\000.\0003\000\040\134\006\176\374\124\010\137\227\122\006\217\333\210\114\150\007\121\306\123\026\142\020\166\176\122\006\122\066\166\204\137\142\137\017}{subsection.7.2}% 27
\BOOKMARK [3][-]{subsubsection.7.2.4}{\376\377\0007\000.\0002\000.\0004\000\040\220\032\217\307\000K\000-\000m\000e\000a\000n\000s\200\132\174\173\137\227\121\372\200\132\121\372\166\204\174\173\122\053}{subsection.7.2}% 28
\BOOKMARK [3][-]{subsubsection.7.2.5}{\376\377\0007\000.\0002\000.\0005\000\040\220\032\217\307\116\044\116\052\142\123\122\006\166\204\127\107\120\074\170\156\133\232\221\177\221\122\204\141\204\004\215\050\221\317\173\111\176\247}{subsection.7.2}% 29
\BOOKMARK [1][-]{section.8}{\376\377\121\153\060\001\225\356\230\230\116\011\377\032\221\177\221\122\204\141\204\004\116\016\204\141\204\004\221\122\166\204\164\006\123\026\143\007\150\007\166\204\200\124\174\373}{}% 30
\BOOKMARK [2][-]{subsection.8.1}{\376\377\0008\000.\0001\000\040\152\041\127\213\136\372\172\313}{section.8}% 31
\BOOKMARK [3][-]{subsubsection.8.1.1}{\376\377\0008\000.\0001\000.\0001\000\040\166\370\121\163\174\373\145\160}{subsection.8.1}% 32
\BOOKMARK [3][-]{subsubsection.8.1.2}{\376\377\0008\000.\0001\000.\0002\000\040\131\032\121\103\176\277\140\047\126\336\137\122}{subsection.8.1}% 33
\BOOKMARK [2][-]{subsection.8.2}{\376\377\0008\000.\0002\000\040\152\041\127\213\154\102\211\343}{section.8}% 34
\BOOKMARK [3][-]{subsubsection.8.2.1}{\376\377\0008\000.\0002\000.\0001\000\040\166\370\121\163\174\373\145\160\123\312\131\032\121\103\176\277\140\047\126\336\137\122\154\102\211\343}{subsection.8.2}% 35
\BOOKMARK [3][-]{subsubsection.8.2.2}{\376\377\0008\000.\0002\000.\0002\000\040\154\102\211\343\176\323\147\234}{subsection.8.2}% 36
\BOOKMARK [1][-]{section.9}{\376\377\116\135\060\001\225\356\230\230\126\333\377\032\221\177\221\122\204\141\204\004\124\214\204\141\204\004\221\122\166\204\164\006\123\026\143\007\150\007\133\371\204\141\204\004\221\122\215\050\221\317\166\204\137\161\124\315}{}% 37
\BOOKMARK [2][-]{subsection.9.1}{\376\377\0009\000.\0001\000\040\152\041\127\213\166\204\136\372\172\313}{section.9}% 38
\BOOKMARK [3][-]{subsubsection.9.1.1}{\376\377\0009\000.\0001\000.\0001\000\040\131\032\121\103\176\277\140\047\126\336\137\122\116\055\166\204\150\300\232\214}{subsection.9.1}% 39
\BOOKMARK [3][-]{subsubsection.9.1.2}{\376\377\0009\000.\0001\000.\0002\000\040\116\244\123\311\232\214\213\301\152\041\127\213}{subsection.9.1}% 40
\BOOKMARK [2][-]{subsection.9.2}{\376\377\0009\000.\0002\000\040\152\041\127\213\154\102\211\343}{section.9}% 41
\BOOKMARK [3][-]{subsubsection.9.2.1}{\376\377\0009\000.\0002\000.\0001\000\040\122\051\165\050\000m\000a\000t\000l\000a\000b\217\333\210\114\126\336\137\122\122\006\147\220}{subsection.9.2}% 42
\BOOKMARK [3][-]{subsubsection.9.2.2}{\376\377\0009\000.\0002\000.\0002\000\040\000r\000c\000o\000p\000l\000o\000t\000\050\000r\000,\000r\000i\000n\000t\000\051}{subsection.9.2}% 43
\BOOKMARK [3][-]{subsubsection.9.2.3}{\376\377\0009\000.\0002\000.\0003\000\040\143\222\226\144\137\002\136\070\120\074\124\016\121\215\153\041\217\333\210\114\126\336\137\122\377\014\137\227\122\060\126\336\137\122\152\041\127\213\166\204\174\373\145\160}{subsection.9.2}% 44
\BOOKMARK [3][-]{subsubsection.9.2.4}{\376\377\0009\000.\0002\000.\0004\000\040\133\371\126\336\137\122\152\041\127\213\217\333\210\114\150\300\232\214}{subsection.9.2}% 45
\BOOKMARK [3][-]{subsubsection.9.2.5}{\376\377\0009\000.\0002\000.\0005\000\040\116\244\123\311\232\214\213\301\176\323\147\234}{subsection.9.2}% 46
\BOOKMARK [1][-]{section.10}{\376\377\123\101\060\001\152\041\127\213\117\030\177\072\160\271}{}% 47
\BOOKMARK [2][-]{subsection.10.1}{\376\377\0001\0000\000.\0001\000\040\152\041\127\213\117\030\160\271}{section.10}% 48
\BOOKMARK [2][-]{subsection.10.2}{\376\377\0001\0000\000.\0002\000\040\152\041\127\213\177\072\160\271}{section.10}% 49
\BOOKMARK [1][-]{section.11}{\376\377\123\101\116\000\060\001\152\041\127\213\145\071\217\333\145\271\124\021}{}% 50
\BOOKMARK [1][-]{section.12}{\376\377\123\101\116\214\060\001\123\302\200\003\145\207\163\056}{}% 51
