\BOOKMARK [1][-]{section.1}{\376\377\116\000\060\001\225\356\230\230\221\315\217\360}{}% 1
\BOOKMARK [2][-]{subsection.1.1}{\376\377\0001\000.\0001\000\040\225\356\230\230\166\204\143\320\121\372}{section.1}% 2
\BOOKMARK [1][-]{section.2}{\376\377\116\214\060\001\225\356\230\230\122\006\147\220}{}% 3
\BOOKMARK [2][-]{subsection.2.1}{\376\377\0002\000.\0001\000\040\225\356\230\230\116\000\377\032\135\362\167\345\230\316\220\037\124\214\124\214\224\242\164\003\215\050\221\317\147\141\116\366\116\013\166\204\174\373\154\312\174\373\176\337\213\241\173\227\152\041\127\213}{section.2}% 4
\BOOKMARK [2][-]{subsection.2.2}{\376\377\0002\000.\0002\000\040\225\356\230\230\116\214\377\032\230\316\220\037\116\072\0003\0006\000m\000/\000s\145\366\174\373\154\312\174\373\176\337\117\030\123\026\152\041\127\213}{section.2}% 5
\BOOKMARK [2][-]{subsection.2.3}{\376\377\0002\000.\0003\000\040\225\356\230\230\116\011\377\032\230\316\122\233\060\001\154\064\155\101\122\233\124\214\154\064\155\361\176\374\124\010\137\161\124\315\116\013\174\373\154\312\174\373\176\337\117\030\123\026\152\041\127\213}{section.2}% 6
\BOOKMARK [1][-]{section.3}{\376\377\116\011\060\001\152\041\127\213\166\204\120\107\213\276}{}% 7
\BOOKMARK [1][-]{section.4}{\376\377\126\333\060\001\173\046\123\367\213\364\146\016}{}% 8
\BOOKMARK [1][-]{section.5}{\376\377\116\224\060\001\136\372\152\041\122\115\121\306\131\007}{}% 9
\BOOKMARK [2][-]{subsection.5.1}{\376\377\0005\000.\0001\000\040\136\177\116\111\127\120\150\007\164\006\213\272\122\233\133\146}{section.5}% 10
\BOOKMARK [2][-]{subsection.5.2}{\376\377\0005\000.\0002\000\040\206\132\122\237\123\237\164\006\164\006\213\272\122\233\133\146}{section.5}% 11
\BOOKMARK [3][-]{subsubsection.5.2.1}{\376\377\0005\000.\0002\000.\0001\000\040\133\236\117\115\171\373\116\016\206\132\117\115\171\373}{subsection.5.2}% 12
\BOOKMARK [3][-]{subsubsection.5.2.2}{\376\377\0005\000.\0002\000.\0002\000\040\164\006\140\363\176\246\147\137}{subsection.5.2}% 13
\BOOKMARK [3][-]{subsubsection.5.2.3}{\376\377\0005\000.\0002\000.\0003\000\040\206\132\122\237\123\237\164\006}{subsection.5.2}% 14
\BOOKMARK [1][-]{section.6}{\376\377\121\155\060\001\135\362\167\345\230\316\220\037\124\214\124\214\224\242\164\003\215\050\221\317\147\141\116\366\116\013\166\204\174\373\154\312\174\373\176\337\213\241\173\227\152\041\127\213}{}% 15
\BOOKMARK [2][-]{subsection.6.1}{\376\377\0006\000.\0001\000\040\152\041\127\213\136\372\172\313}{section.6}% 16
\BOOKMARK [3][-]{subsubsection.6.1.1}{\376\377\0006\000.\0001\000.\0001\000\040\150\071\143\156\121\340\117\125\121\163\174\373\136\372\172\313\124\004\176\304\116\366\221\315\137\303\116\016\120\076\211\322\121\163\174\373}{subsection.6.1}% 17
\BOOKMARK [3][-]{subsubsection.6.1.2}{\376\377\0006\000.\0001\000.\0002\000\040\124\004\220\350\116\366\142\100\123\327\116\073\122\250\122\233\166\204\122\006\147\220}{subsection.6.1}% 18
\BOOKMARK [3][-]{subsubsection.6.1.3}{\376\377\0006\000.\0001\000.\0003\000\040\127\372\116\216\206\132\122\237\123\237\164\006\166\204\213\241\173\227}{subsection.6.1}% 19
\BOOKMARK [2][-]{subsection.6.2}{\376\377\0006\000.\0002\000\040\152\041\127\213\154\102\211\343}{section.6}% 20
\BOOKMARK [3][-]{subsubsection.6.2.1}{\376\377\0006\000.\0002\000.\0001\000\040\155\167\230\316\230\316\220\037\116\072\0001\0002\000m\000/\000s\145\366\166\204\154\102\211\343}{subsection.6.2}% 21
\BOOKMARK [3][-]{subsubsection.6.2.2}{\376\377\0006\000.\0002\000.\0002\000\040\155\167\230\316\230\316\220\037\116\072\0002\0004\000m\000/\000s\145\366\166\204\154\102\211\343}{subsection.6.2}% 22
\BOOKMARK [3][-]{subsubsection.6.2.3}{\376\377\0006\000.\0002\000.\0003\000\040\154\102\211\343\176\323\147\234\154\107\140\073}{subsection.6.2}% 23
\BOOKMARK [1][-]{section.7}{\376\377\116\003\060\001\230\316\220\037\116\072\0003\0006\000m\000/\000s\145\366\174\373\154\312\174\373\176\337\117\030\123\026\152\041\127\213}{}% 24
\BOOKMARK [2][-]{subsection.7.1}{\376\377\0007\000.\0001\000\040\152\041\127\213\136\372\172\313}{section.7}% 25
\BOOKMARK [3][-]{subsubsection.7.1.1}{\376\377\0007\000.\0001\000.\0001\000\040\227\136\176\277\140\047\211\304\122\022\152\041\127\213}{subsection.7.1}% 26
\BOOKMARK [2][-]{subsection.7.2}{\376\377\0007\000.\0002\000\040\152\041\127\213\154\102\211\343}{section.7}% 27
\BOOKMARK [1][-]{section.8}{\376\377\121\153\060\001\230\316\122\233\060\001\154\064\155\101\122\233\124\214\154\064\155\361\176\374\124\010\137\161\124\315\116\013\174\373\154\312\174\373\176\337\117\030\123\026\152\041\127\213}{}% 28
\BOOKMARK [2][-]{subsection.8.1}{\376\377\0008\000.\0001\000\040\152\041\127\213\136\372\172\313}{section.8}% 29
\BOOKMARK [3][-]{subsubsection.8.1.1}{\376\377\0008\000.\0001\000.\0001\000\040\150\071\143\156\121\340\117\125\121\163\174\373\136\372\172\313\124\004\176\304\116\366\221\315\137\303\116\016\120\076\211\322\121\163\174\373}{subsection.8.1}% 30
\BOOKMARK [3][-]{subsubsection.8.1.2}{\376\377\0008\000.\0001\000.\0002\000\040\124\004\220\350\116\366\142\100\123\327\116\073\122\250\122\233\166\204\122\006\147\220}{subsection.8.1}% 31
\BOOKMARK [3][-]{subsubsection.8.1.3}{\376\377\0008\000.\0001\000.\0003\000\040\127\372\116\216\206\132\122\237\123\237\164\006\166\204\117\030\123\026\152\041\127\213}{subsection.8.1}% 32
\BOOKMARK [2][-]{subsection.8.2}{\376\377\0008\000.\0002\000\040\152\041\127\213\154\102\211\343}{section.8}% 33
\BOOKMARK [3][-]{subsubsection.8.2.1}{\376\377\0008\000.\0002\000.\0001\000\040\225\032\224\376\127\213\123\367\220\011\142\351}{subsection.8.2}% 34
\BOOKMARK [3][-]{subsubsection.8.2.2}{\376\377\0008\000.\0002\000.\0002\000\040\116\015\124\014\230\316\122\233\060\001\154\064\155\101\122\233\124\214\154\064\155\361\166\204\137\161\124\315}{subsection.8.2}% 35
\BOOKMARK [1][-]{section.9}{\376\377\116\135\060\001\152\041\127\213\117\030\177\072\160\271}{}% 36
\BOOKMARK [2][-]{subsection.9.1}{\376\377\0009\000.\0001\000\040\152\041\127\213\117\030\160\271}{section.9}% 37
\BOOKMARK [2][-]{subsection.9.2}{\376\377\0009\000.\0002\000\040\152\041\127\213\177\072\160\271}{section.9}% 38
\BOOKMARK [1][-]{section.10}{\376\377\123\101\060\001\152\041\127\213\145\071\217\333\145\271\124\021}{}% 39
\BOOKMARK [1][-]{section.11}{\376\377\123\101\116\000\060\001\123\302\200\003\145\207\163\056}{}% 40
\BOOKMARK [1][-]{section.1}{\376\377\226\104\137\125\000A\000\040\172\013\136\217}{}% 41
