\BOOKMARK [1][-]{section.1}{\376\377\116\000\060\001\225\356\230\230\221\315\217\360}{}% 1
\BOOKMARK [2][-]{subsection.1.1}{\376\377\0001\000.\0001\000\040\137\025\212\000}{section.1}% 2
\BOOKMARK [2][-]{subsection.1.2}{\376\377\0001\000.\0002\000\040\225\356\230\230\166\204\143\320\121\372}{section.1}% 3
\BOOKMARK [1][-]{section.2}{\376\377\116\214\060\001\225\356\230\230\122\006\147\220}{}% 4
\BOOKMARK [2][-]{subsection.2.1}{\376\377\0002\000.\0001\000\040\225\356\230\230\116\000}{section.2}% 5
\BOOKMARK [2][-]{subsection.2.2}{\376\377\0002\000.\0002\000\040\225\356\230\230\116\214}{section.2}% 6
\BOOKMARK [2][-]{subsection.2.3}{\376\377\0002\000.\0003\000\040\225\356\230\230\116\011}{section.2}% 7
\BOOKMARK [1][-]{section.3}{\376\377\116\011\060\001\152\041\127\213\166\204\120\107\213\276}{}% 8
\BOOKMARK [1][-]{section.4}{\376\377\126\333\060\001\173\046\123\367\213\364\146\016}{}% 9
\BOOKMARK [1][-]{section.5}{\376\377\116\224\060\001\152\041\127\213\136\372\172\313}{}% 10
\BOOKMARK [2][-]{subsection.5.1}{\376\377\0005\000.\0001\000\040\211\306\221\316\203\003\126\364\152\041\127\213}{section.5}% 11
\BOOKMARK [2][-]{subsection.5.2}{\376\377\0005\000.\0002\000\040\136\163\127\107\165\170\123\330\163\207\152\041\127\213}{section.5}% 12
\BOOKMARK [3][-]{subsubsection.5.2.1}{\376\377\0005\000.\0002\000.\0001\000\040\136\163\127\107\165\170\123\330\163\207\152\041\127\213\166\204\136\372\172\313}{subsection.5.2}% 13
\BOOKMARK [3][-]{subsubsection.5.2.2}{\376\377\0005\000.\0002\000.\0002\000\040\136\163\127\107\165\170\123\330\163\207\152\041\127\213\166\204\232\214\213\301}{subsection.5.2}% 14
\BOOKMARK [2][-]{subsection.5.3}{\376\377\0005\000.\0003\000\040\176\374\124\010\213\304\116\367\143\007\150\007\000K}{section.5}% 15
\BOOKMARK [2][-]{subsection.5.4}{\376\377\0005\000.\0004\000\040\225\134\227\142\152\041\127\213}{section.5}% 16
\BOOKMARK [3][-]{subsubsection.5.4.1}{\376\377\0005\000.\0004\000.\0001\000\040\225\134\227\142\152\041\127\213\166\204\164\003\137\303\127\120\150\007}{subsection.5.4}% 17
\BOOKMARK [3][-]{subsubsection.5.4.2}{\376\377\0005\000.\0004\000.\0002\000\040\225\134\227\142\152\041\127\213\145\271\150\110\116\000}{subsection.5.4}% 18
\BOOKMARK [3][-]{subsubsection.5.4.3}{\376\377\0005\000.\0004\000.\0003\000\040\225\134\227\142\152\041\127\213\145\271\150\110\116\214}{subsection.5.4}% 19
\BOOKMARK [1][-]{section.6}{\376\377\121\155\060\001\152\041\127\213\154\102\211\343}{}% 20
\BOOKMARK [2][-]{subsection.6.1}{\376\377\0006\000.\0001\000\040\225\356\230\230\116\000\154\102\211\343}{section.6}% 21
\BOOKMARK [3][-]{subsubsection.6.1.1}{\376\377\0006\000.\0001\000.\0001\000\040\225\134\227\142\134\072\133\370\166\204\170\156\133\232}{subsection.6.1}% 22
\BOOKMARK [3][-]{subsubsection.6.1.2}{\376\377\0006\000.\0001\000.\0002\000\040\136\163\127\107\165\170\123\330\163\207\166\204\154\102\211\343}{subsection.6.1}% 23
\BOOKMARK [3][-]{subsubsection.6.1.3}{\376\377\0006\000.\0001\000.\0003\000\040\211\306\221\316\203\003\126\364\166\204\154\102\211\343}{subsection.6.1}% 24
\BOOKMARK [3][-]{subsubsection.6.1.4}{\376\377\0006\000.\0001\000.\0004\000\040\176\374\124\010\154\102\211\343\176\323\147\234}{subsection.6.1}% 25
\BOOKMARK [3][-]{subsubsection.6.1.5}{\376\377\0006\000.\0001\000.\0005\000\040\131\026\124\016\211\306\225\134\211\322\136\246\214\003\145\164}{subsection.6.1}% 26
\BOOKMARK [2][-]{subsection.6.2}{\376\377\0006\000.\0002\000\040\225\356\230\230\116\214\154\102\211\343}{section.6}% 27
\BOOKMARK [3][-]{subsubsection.6.2.1}{\376\377\0006\000.\0002\000.\0001\000\040\154\102\211\343\145\271\154\325}{subsection.6.2}% 28
\BOOKMARK [3][-]{subsubsection.6.2.2}{\376\377\0006\000.\0002\000.\0002\000\040\176\374\124\010\154\102\211\343}{subsection.6.2}% 29
\BOOKMARK [2][-]{subsection.6.3}{\376\377\0006\000.\0003\000\040\225\356\230\230\116\011\154\102\211\343}{section.6}% 30
\BOOKMARK [1][-]{section.7}{\376\377\116\003\060\001\152\041\127\213\117\030\177\072\160\271}{}% 31
\BOOKMARK [2][-]{subsection.7.1}{\376\377\0007\000.\0001\000\040\152\041\127\213\117\030\160\271}{section.7}% 32
\BOOKMARK [2][-]{subsection.7.2}{\376\377\0007\000.\0002\000\040\152\041\127\213\177\072\160\271}{section.7}% 33
\BOOKMARK [1][-]{section.8}{\376\377\121\153\060\001\152\041\127\213\145\071\217\333\145\271\124\021}{}% 34
\BOOKMARK [1][-]{section.9}{\376\377\116\135\060\001\123\302\200\003\145\207\163\056}{}% 35
\BOOKMARK [1][-]{section.1}{\376\377\226\104\137\125\000A\000\040\226\104\116\366\121\205\133\271}{}% 36
